11-Sep-2022 00:55:17.587 INFORMATION [main] org.apache.catalina.startup.VersionLoggerListener.log 
 Server Version:        Apache Tomcat/9.0.14
11-Sep-2022 00:55:17.594 INFORMATION [main] org.apache.catalina.startup.VersionLoggerListener.log Server built:          Dec 6 2018 21:13:53 UTC
11-Sep-2022 00:55:17.596 INFORMATION [main] org.apache.catalina.startup.VersionLoggerListener.log Server version number: 9.0.14.0
11-Sep-2022 00:55:17.596 INFORMATION [main] org.apache.catalina.startup.VersionLoggerListener.log OS Name:               Windows 10
11-Sep-2022 00:55:17.596 INFORMATION [main] org.apache.catalina.startup.VersionLoggerListener.log OS Version:            10.0
11-Sep-2022 00:55:17.596 INFORMATION [main] org.apache.catalina.startup.VersionLoggerListener.log Architektur:          amd64
11-Sep-2022 00:55:17.597 INFORMATION [main] org.apache.catalina.startup.VersionLoggerListener.log Java Home:             C:\Program Files\Java\jdk-17.0.2
11-Sep-2022 00:55:17.597 INFORMATION [main] org.apache.catalina.startup.VersionLoggerListener.log JVM Version:           17.0.2+8-LTS-86
11-Sep-2022 00:55:17.597 INFORMATION [main] org.apache.catalina.startup.VersionLoggerListener.log JVM Hersteller:            Oracle Corporation
11-Sep-2022 00:55:17.597 INFORMATION [main] org.apache.catalina.startup.VersionLoggerListener.log 
 CATALINA_BASE:         C:\Users\zarei\Desktop\apache-tomcat-9.0.14
11-Sep-2022 00:55:17.597 INFORMATION [main] org.apache.catalina.startup.VersionLoggerListener.log CATALINA_HOME:         C:\Users\zarei\Desktop\apache-tomcat-9.0.14
11-Sep-2022 00:55:17.597 INFORMATION [main] org.apache.catalina.startup.VersionLoggerListener.log Command line argument: --add-opens=java.base/java.lang=ALL-UNNAMED
11-Sep-2022 00:55:17.597 INFORMATION [main] org.apache.catalina.startup.VersionLoggerListener.log Command line argument: --add-opens=java.base/java.io=ALL-UNNAMED
11-Sep-2022 00:55:17.597 INFORMATION [main] org.apache.catalina.startup.VersionLoggerListener.log Command line argument: --add-opens=java.rmi/sun.rmi.transport=ALL-UNNAMED
11-Sep-2022 00:55:17.597 INFORMATION [main] org.apache.catalina.startup.VersionLoggerListener.log Command line argument: -Djava.util.logging.config.file=C:\Users\zarei\Desktop\apache-tomcat-9.0.14\conf\logging.properties
11-Sep-2022 00:55:17.597 INFORMATION [main] org.apache.catalina.startup.VersionLoggerListener.log Command line argument: -Djava.util.logging.manager=org.apache.juli.ClassLoaderLogManager
11-Sep-2022 00:55:17.597 INFORMATION [main] org.apache.catalina.startup.VersionLoggerListener.log Command line argument: -Djdk.tls.ephemeralDHKeySize=2048
11-Sep-2022 00:55:17.597 INFORMATION [main] org.apache.catalina.startup.VersionLoggerListener.log Command line argument: -Djava.protocol.handler.pkgs=org.apache.catalina.webresources
11-Sep-2022 00:55:17.597 INFORMATION [main] org.apache.catalina.startup.VersionLoggerListener.log Command line argument: -Dignore.endorsed.dirs=
11-Sep-2022 00:55:17.597 INFORMATION [main] org.apache.catalina.startup.VersionLoggerListener.log Command line argument: -Dcatalina.base=C:\Users\zarei\Desktop\apache-tomcat-9.0.14
11-Sep-2022 00:55:17.597 INFORMATION [main] org.apache.catalina.startup.VersionLoggerListener.log Command line argument: -Dcatalina.home=C:\Users\zarei\Desktop\apache-tomcat-9.0.14
11-Sep-2022 00:55:17.597 INFORMATION [main] org.apache.catalina.startup.VersionLoggerListener.log Command line argument: -Djava.io.tmpdir=C:\Users\zarei\Desktop\apache-tomcat-9.0.14\temp
11-Sep-2022 00:55:17.606 INFORMATION [main] org.apache.catalina.core.AprLifecycleListener.lifecycleEvent Loaded APR based Apache Tomcat Native library [1.2.19] using APR version [1.6.5].
11-Sep-2022 00:55:17.606 INFORMATION [main] org.apache.catalina.core.AprLifecycleListener.lifecycleEvent APR capabilities: IPv6 [true], sendfile [true], accept filters [false], random [true].
11-Sep-2022 00:55:17.606 INFORMATION [main] org.apache.catalina.core.AprLifecycleListener.lifecycleEvent APR/OpenSSL configuration: useAprConnector [false], useOpenSSL [true]
11-Sep-2022 00:55:17.610 INFORMATION [main] org.apache.catalina.core.AprLifecycleListener.initializeSSL OpenSSL successfully initialized [OpenSSL 1.1.1a  20 Nov 2018]
11-Sep-2022 00:55:17.677 INFORMATION [main] org.apache.coyote.AbstractProtocol.init Initialisiere ProtocolHandler["http-nio-8080"]
11-Sep-2022 00:55:17.887 INFORMATION [main] org.apache.coyote.AbstractProtocol.init Initialisiere ProtocolHandler["ajp-nio-8009"]
11-Sep-2022 00:55:17.896 INFORMATION [main] org.apache.catalina.startup.Catalina.load Server initialization in [1.002] milliseconds
11-Sep-2022 00:55:17.968 INFORMATION [main] org.apache.catalina.core.StandardService.startInternal Starting service [Catalina]
11-Sep-2022 00:55:17.968 INFORMATION [main] org.apache.catalina.core.StandardEngine.startInternal Starting Servlet engine: [Apache Tomcat/9.0.14]
11-Sep-2022 00:55:17.986 INFORMATION [main] org.apache.catalina.startup.HostConfig.deployWAR Deploying web application archive [C:\Users\zarei\Desktop\apache-tomcat-9.0.14\webapps\ROOT.war]
11-Sep-2022 00:55:28.861 WARNUNG [main] org.apache.catalina.webresources.Cache.getResource Unable to add the resource at [/WEB-INF/classes/static/assets/fontawesome/webfonts/fa-brands-400.woff2] to the cache for web application [] because there was insufficient free space available after evicting expired cache entries - consider increasing the maximum size of the cache
11-Sep-2022 00:55:28.867 WARNUNG [main] org.apache.catalina.webresources.Cache.getResource Unable to add the resource at [/WEB-INF/classes/static/assets/fontawesome/webfonts/fa-regular-400.woff2] to the cache for web application [] because there was insufficient free space available after evicting expired cache entries - consider increasing the maximum size of the cache
11-Sep-2022 00:55:28.867 WARNUNG [main] org.apache.catalina.webresources.Cache.getResource Unable to add the resource at [/WEB-INF/classes/static/assets/fontawesome/webfonts/fa-solid-900.ttf] to the cache for web application [] because there was insufficient free space available after evicting expired cache entries - consider increasing the maximum size of the cache
11-Sep-2022 00:55:28.876 WARNUNG [main] org.apache.catalina.webresources.Cache.getResource Unable to add the resource at [/WEB-INF/classes/static/assets/fontawesome/webfonts/fa-solid-900.woff2] to the cache for web application [] because there was insufficient free space available after evicting expired cache entries - consider increasing the maximum size of the cache
11-Sep-2022 00:55:28.877 WARNUNG [main] org.apache.catalina.webresources.Cache.getResource Unable to add the resource at [/WEB-INF/classes/static/assets/fontawesome/webfonts/fa-v4compatibility.ttf] to the cache for web application [] because there was insufficient free space available after evicting expired cache entries - consider increasing the maximum size of the cache
11-Sep-2022 00:55:28.877 WARNUNG [main] org.apache.catalina.webresources.Cache.getResource Unable to add the resource at [/WEB-INF/classes/static/assets/images/back.png] to the cache for web application [] because there was insufficient free space available after evicting expired cache entries - consider increasing the maximum size of the cache
11-Sep-2022 00:55:28.887 WARNUNG [main] org.apache.catalina.webresources.Cache.getResource Unable to add the resource at [/WEB-INF/classes/static/assets/images/header.png] to the cache for web application [] because there was insufficient free space available after evicting expired cache entries - consider increasing the maximum size of the cache
11-Sep-2022 00:55:28.896 WARNUNG [main] org.apache.catalina.webresources.Cache.getResource Unable to add the resource at [/WEB-INF/classes/static/assets/images/himmel.jpg] to the cache for web application [] because there was insufficient free space available after evicting expired cache entries - consider increasing the maximum size of the cache
11-Sep-2022 00:55:28.896 WARNUNG [main] org.apache.catalina.webresources.Cache.getResource Unable to add the resource at [/WEB-INF/classes/static/assets/images/logo.png] to the cache for web application [] because there was insufficient free space available after evicting expired cache entries - consider increasing the maximum size of the cache
11-Sep-2022 00:55:28.901 WARNUNG [main] org.apache.catalina.webresources.Cache.getResource Unable to add the resource at [/WEB-INF/classes/static/assets/images/ude-logo.png] to the cache for web application [] because there was insufficient free space available after evicting expired cache entries - consider increasing the maximum size of the cache
11-Sep-2022 00:55:28.901 WARNUNG [main] org.apache.catalina.webresources.Cache.getResource Unable to add the resource at [/WEB-INF/classes/static/assets/jquery/jquery.min.js] to the cache for web application [] because there was insufficient free space available after evicting expired cache entries - consider increasing the maximum size of the cache
11-Sep-2022 00:55:43.898 INFORMATION [main] org.apache.jasper.servlet.TldScanner.scanJars At least one JAR was scanned for TLDs yet contained no TLDs. Enable debug logging for this logger for a complete list of JARs that were scanned but no TLDs were found in them. Skipping unneeded JARs during scanning can improve startup time and JSP compilation time.
11-Sep-2022 00:55:44.044 INFORMATION [main] org.apache.catalina.startup.HostConfig.deployWAR Deployment of web application archive [C:\Users\zarei\Desktop\apache-tomcat-9.0.14\webapps\ROOT.war] has finished in [26.058] ms
11-Sep-2022 00:55:44.052 INFORMATION [main] org.apache.coyote.AbstractProtocol.start Starting ProtocolHandler ["http-nio-8080"]
11-Sep-2022 00:55:44.070 INFORMATION [main] org.apache.coyote.AbstractProtocol.start Starting ProtocolHandler ["ajp-nio-8009"]
11-Sep-2022 00:55:44.078 INFORMATION [main] org.apache.catalina.startup.Catalina.start Server startup in [26.179] milliseconds
11-Sep-2022 01:40:40.324 INFORMATION [main] org.apache.catalina.startup.VersionLoggerListener.log 
 Server Version:        Apache Tomcat/9.0.14
11-Sep-2022 01:40:40.327 INFORMATION [main] org.apache.catalina.startup.VersionLoggerListener.log Server built:          Dec 6 2018 21:13:53 UTC
11-Sep-2022 01:40:40.328 INFORMATION [main] org.apache.catalina.startup.VersionLoggerListener.log Server version number: 9.0.14.0
11-Sep-2022 01:40:40.328 INFORMATION [main] org.apache.catalina.startup.VersionLoggerListener.log OS Name:               Windows 10
11-Sep-2022 01:40:40.328 INFORMATION [main] org.apache.catalina.startup.VersionLoggerListener.log OS Version:            10.0
11-Sep-2022 01:40:40.329 INFORMATION [main] org.apache.catalina.startup.VersionLoggerListener.log Architektur:          amd64
11-Sep-2022 01:40:40.329 INFORMATION [main] org.apache.catalina.startup.VersionLoggerListener.log Java Home:             C:\Program Files\Java\jdk-17.0.2
11-Sep-2022 01:40:40.330 INFORMATION [main] org.apache.catalina.startup.VersionLoggerListener.log JVM Version:           17.0.2+8-LTS-86
11-Sep-2022 01:40:40.330 INFORMATION [main] org.apache.catalina.startup.VersionLoggerListener.log JVM Hersteller:            Oracle Corporation
11-Sep-2022 01:40:40.330 INFORMATION [main] org.apache.catalina.startup.VersionLoggerListener.log 
 CATALINA_BASE:         C:\Users\zarei\Desktop\apache-tomcat-9.0.14
11-Sep-2022 01:40:40.330 INFORMATION [main] org.apache.catalina.startup.VersionLoggerListener.log CATALINA_HOME:         C:\Users\zarei\Desktop\apache-tomcat-9.0.14
11-Sep-2022 01:40:40.331 INFORMATION [main] org.apache.catalina.startup.VersionLoggerListener.log Command line argument: --add-opens=java.base/java.lang=ALL-UNNAMED
11-Sep-2022 01:40:40.331 INFORMATION [main] org.apache.catalina.startup.VersionLoggerListener.log Command line argument: --add-opens=java.base/java.io=ALL-UNNAMED
11-Sep-2022 01:40:40.331 INFORMATION [main] org.apache.catalina.startup.VersionLoggerListener.log Command line argument: --add-opens=java.rmi/sun.rmi.transport=ALL-UNNAMED
11-Sep-2022 01:40:40.332 INFORMATION [main] org.apache.catalina.startup.VersionLoggerListener.log Command line argument: -Djava.util.logging.config.file=C:\Users\zarei\Desktop\apache-tomcat-9.0.14\conf\logging.properties
11-Sep-2022 01:40:40.333 INFORMATION [main] org.apache.catalina.startup.VersionLoggerListener.log Command line argument: -Djava.util.logging.manager=org.apache.juli.ClassLoaderLogManager
11-Sep-2022 01:40:40.334 INFORMATION [main] org.apache.catalina.startup.VersionLoggerListener.log Command line argument: -Djdk.tls.ephemeralDHKeySize=2048
11-Sep-2022 01:40:40.335 INFORMATION [main] org.apache.catalina.startup.VersionLoggerListener.log Command line argument: -Djava.protocol.handler.pkgs=org.apache.catalina.webresources
11-Sep-2022 01:40:40.336 INFORMATION [main] org.apache.catalina.startup.VersionLoggerListener.log Command line argument: -Dignore.endorsed.dirs=
11-Sep-2022 01:40:40.337 INFORMATION [main] org.apache.catalina.startup.VersionLoggerListener.log Command line argument: -Dcatalina.base=C:\Users\zarei\Desktop\apache-tomcat-9.0.14
11-Sep-2022 01:40:40.338 INFORMATION [main] org.apache.catalina.startup.VersionLoggerListener.log Command line argument: -Dcatalina.home=C:\Users\zarei\Desktop\apache-tomcat-9.0.14
11-Sep-2022 01:40:40.339 INFORMATION [main] org.apache.catalina.startup.VersionLoggerListener.log Command line argument: -Djava.io.tmpdir=C:\Users\zarei\Desktop\apache-tomcat-9.0.14\temp
11-Sep-2022 01:40:40.340 INFORMATION [main] org.apache.catalina.core.AprLifecycleListener.lifecycleEvent Loaded APR based Apache Tomcat Native library [1.2.19] using APR version [1.6.5].
11-Sep-2022 01:40:40.351 INFORMATION [main] org.apache.catalina.core.AprLifecycleListener.lifecycleEvent APR capabilities: IPv6 [true], sendfile [true], accept filters [false], random [true].
11-Sep-2022 01:40:40.352 INFORMATION [main] org.apache.catalina.core.AprLifecycleListener.lifecycleEvent APR/OpenSSL configuration: useAprConnector [false], useOpenSSL [true]
11-Sep-2022 01:40:40.360 INFORMATION [main] org.apache.catalina.core.AprLifecycleListener.initializeSSL OpenSSL successfully initialized [OpenSSL 1.1.1a  20 Nov 2018]
11-Sep-2022 01:40:40.428 INFORMATION [main] org.apache.coyote.AbstractProtocol.init Initialisiere ProtocolHandler["http-nio-8080"]
11-Sep-2022 01:40:40.644 INFORMATION [main] org.apache.coyote.AbstractProtocol.init Initialisiere ProtocolHandler["ajp-nio-8009"]
11-Sep-2022 01:40:40.655 INFORMATION [main] org.apache.catalina.startup.Catalina.load Server initialization in [835] milliseconds
11-Sep-2022 01:40:40.720 INFORMATION [main] org.apache.catalina.core.StandardService.startInternal Starting service [Catalina]
11-Sep-2022 01:40:40.721 INFORMATION [main] org.apache.catalina.core.StandardEngine.startInternal Starting Servlet engine: [Apache Tomcat/9.0.14]
11-Sep-2022 01:40:40.751 INFORMATION [main] org.apache.catalina.startup.HostConfig.deployWAR Deploying web application archive [C:\Users\zarei\Desktop\apache-tomcat-9.0.14\webapps\ROOT.war]
11-Sep-2022 01:40:43.531 WARNUNG [main] org.apache.catalina.webresources.Cache.getResource Unable to add the resource at [/WEB-INF/classes/static/assets/fontawesome/webfonts/fa-brands-400.woff2] to the cache for web application [] because there was insufficient free space available after evicting expired cache entries - consider increasing the maximum size of the cache
11-Sep-2022 01:40:43.534 WARNUNG [main] org.apache.catalina.webresources.Cache.getResource Unable to add the resource at [/WEB-INF/classes/static/assets/fontawesome/webfonts/fa-regular-400.woff2] to the cache for web application [] because there was insufficient free space available after evicting expired cache entries - consider increasing the maximum size of the cache
11-Sep-2022 01:40:43.543 WARNUNG [main] org.apache.catalina.webresources.Cache.getResource Unable to add the resource at [/WEB-INF/classes/static/assets/fontawesome/webfonts/fa-solid-900.ttf] to the cache for web application [] because there was insufficient free space available after evicting expired cache entries - consider increasing the maximum size of the cache
11-Sep-2022 01:40:43.545 WARNUNG [main] org.apache.catalina.webresources.Cache.getResource Unable to add the resource at [/WEB-INF/classes/static/assets/fontawesome/webfonts/fa-solid-900.woff2] to the cache for web application [] because there was insufficient free space available after evicting expired cache entries - consider increasing the maximum size of the cache
11-Sep-2022 01:40:43.547 WARNUNG [main] org.apache.catalina.webresources.Cache.getResource Unable to add the resource at [/WEB-INF/classes/static/assets/fontawesome/webfonts/fa-v4compatibility.ttf] to the cache for web application [] because there was insufficient free space available after evicting expired cache entries - consider increasing the maximum size of the cache
11-Sep-2022 01:40:43.551 WARNUNG [main] org.apache.catalina.webresources.Cache.getResource Unable to add the resource at [/WEB-INF/classes/static/assets/images/back.png] to the cache for web application [] because there was insufficient free space available after evicting expired cache entries - consider increasing the maximum size of the cache
11-Sep-2022 01:40:43.554 WARNUNG [main] org.apache.catalina.webresources.Cache.getResource Unable to add the resource at [/WEB-INF/classes/static/assets/images/header.png] to the cache for web application [] because there was insufficient free space available after evicting expired cache entries - consider increasing the maximum size of the cache
11-Sep-2022 01:40:43.556 WARNUNG [main] org.apache.catalina.webresources.Cache.getResource Unable to add the resource at [/WEB-INF/classes/static/assets/images/himmel.jpg] to the cache for web application [] because there was insufficient free space available after evicting expired cache entries - consider increasing the maximum size of the cache
11-Sep-2022 01:40:43.564 WARNUNG [main] org.apache.catalina.webresources.Cache.getResource Unable to add the resource at [/WEB-INF/classes/static/assets/images/logo.png] to the cache for web application [] because there was insufficient free space available after evicting expired cache entries - consider increasing the maximum size of the cache
11-Sep-2022 01:40:43.566 WARNUNG [main] org.apache.catalina.webresources.Cache.getResource Unable to add the resource at [/WEB-INF/classes/static/assets/images/ude-logo.png] to the cache for web application [] because there was insufficient free space available after evicting expired cache entries - consider increasing the maximum size of the cache
11-Sep-2022 01:40:43.570 WARNUNG [main] org.apache.catalina.webresources.Cache.getResource Unable to add the resource at [/WEB-INF/classes/static/assets/jquery/jquery.min.js] to the cache for web application [] because there was insufficient free space available after evicting expired cache entries - consider increasing the maximum size of the cache
11-Sep-2022 01:41:03.399 INFORMATION [main] org.apache.jasper.servlet.TldScanner.scanJars At least one JAR was scanned for TLDs yet contained no TLDs. Enable debug logging for this logger for a complete list of JARs that were scanned but no TLDs were found in them. Skipping unneeded JARs during scanning can improve startup time and JSP compilation time.
11-Sep-2022 01:41:03.531 WARNUNG [main] org.apache.catalina.util.SessionIdGeneratorBase.createSecureRandom Creation of SecureRandom instance for session ID generation using [SHA1PRNG] took [103] milliseconds.
11-Sep-2022 01:41:03.561 INFORMATION [main] org.apache.catalina.startup.HostConfig.deployWAR Deployment of web application archive [C:\Users\zarei\Desktop\apache-tomcat-9.0.14\webapps\ROOT.war] has finished in [22.810] ms
11-Sep-2022 01:41:03.565 INFORMATION [main] org.apache.coyote.AbstractProtocol.start Starting ProtocolHandler ["http-nio-8080"]
11-Sep-2022 01:41:03.580 INFORMATION [main] org.apache.coyote.AbstractProtocol.start Starting ProtocolHandler ["ajp-nio-8009"]
11-Sep-2022 01:41:03.591 INFORMATION [main] org.apache.catalina.startup.Catalina.start Server startup in [22.935] milliseconds
11-Sep-2022 01:47:01.802 INFORMATION [main] org.apache.catalina.startup.VersionLoggerListener.log 
 Server Version:        Apache Tomcat/9.0.14
11-Sep-2022 01:47:01.806 INFORMATION [main] org.apache.catalina.startup.VersionLoggerListener.log Server built:          Dec 6 2018 21:13:53 UTC
11-Sep-2022 01:47:01.806 INFORMATION [main] org.apache.catalina.startup.VersionLoggerListener.log Server version number: 9.0.14.0
11-Sep-2022 01:47:01.807 INFORMATION [main] org.apache.catalina.startup.VersionLoggerListener.log OS Name:               Windows 10
11-Sep-2022 01:47:01.807 INFORMATION [main] org.apache.catalina.startup.VersionLoggerListener.log OS Version:            10.0
11-Sep-2022 01:47:01.807 INFORMATION [main] org.apache.catalina.startup.VersionLoggerListener.log Architektur:          amd64
11-Sep-2022 01:47:01.807 INFORMATION [main] org.apache.catalina.startup.VersionLoggerListener.log Java Home:             C:\Program Files\Java\jdk-17.0.2
11-Sep-2022 01:47:01.808 INFORMATION [main] org.apache.catalina.startup.VersionLoggerListener.log JVM Version:           17.0.2+8-LTS-86
11-Sep-2022 01:47:01.808 INFORMATION [main] org.apache.catalina.startup.VersionLoggerListener.log JVM Hersteller:            Oracle Corporation
11-Sep-2022 01:47:01.808 INFORMATION [main] org.apache.catalina.startup.VersionLoggerListener.log 
 CATALINA_BASE:         C:\Users\zarei\Desktop\apache-tomcat-9.0.14
11-Sep-2022 01:47:01.808 INFORMATION [main] org.apache.catalina.startup.VersionLoggerListener.log CATALINA_HOME:         C:\Users\zarei\Desktop\apache-tomcat-9.0.14
11-Sep-2022 01:47:01.809 INFORMATION [main] org.apache.catalina.startup.VersionLoggerListener.log Command line argument: --add-opens=java.base/java.lang=ALL-UNNAMED
11-Sep-2022 01:47:01.809 INFORMATION [main] org.apache.catalina.startup.VersionLoggerListener.log Command line argument: --add-opens=java.base/java.io=ALL-UNNAMED
11-Sep-2022 01:47:01.809 INFORMATION [main] org.apache.catalina.startup.VersionLoggerListener.log Command line argument: --add-opens=java.rmi/sun.rmi.transport=ALL-UNNAMED
11-Sep-2022 01:47:01.810 INFORMATION [main] org.apache.catalina.startup.VersionLoggerListener.log Command line argument: -Djava.util.logging.config.file=C:\Users\zarei\Desktop\apache-tomcat-9.0.14\conf\logging.properties
11-Sep-2022 01:47:01.811 INFORMATION [main] org.apache.catalina.startup.VersionLoggerListener.log Command line argument: -Djava.util.logging.manager=org.apache.juli.ClassLoaderLogManager
11-Sep-2022 01:47:01.812 INFORMATION [main] org.apache.catalina.startup.VersionLoggerListener.log Command line argument: -Djdk.tls.ephemeralDHKeySize=2048
11-Sep-2022 01:47:01.813 INFORMATION [main] org.apache.catalina.startup.VersionLoggerListener.log Command line argument: -Djava.protocol.handler.pkgs=org.apache.catalina.webresources
11-Sep-2022 01:47:01.813 INFORMATION [main] org.apache.catalina.startup.VersionLoggerListener.log Command line argument: -Dignore.endorsed.dirs=
11-Sep-2022 01:47:01.814 INFORMATION [main] org.apache.catalina.startup.VersionLoggerListener.log Command line argument: -Dcatalina.base=C:\Users\zarei\Desktop\apache-tomcat-9.0.14
11-Sep-2022 01:47:01.815 INFORMATION [main] org.apache.catalina.startup.VersionLoggerListener.log Command line argument: -Dcatalina.home=C:\Users\zarei\Desktop\apache-tomcat-9.0.14
11-Sep-2022 01:47:01.815 INFORMATION [main] org.apache.catalina.startup.VersionLoggerListener.log Command line argument: -Djava.io.tmpdir=C:\Users\zarei\Desktop\apache-tomcat-9.0.14\temp
11-Sep-2022 01:47:01.816 INFORMATION [main] org.apache.catalina.core.AprLifecycleListener.lifecycleEvent Loaded APR based Apache Tomcat Native library [1.2.19] using APR version [1.6.5].
11-Sep-2022 01:47:01.817 INFORMATION [main] org.apache.catalina.core.AprLifecycleListener.lifecycleEvent APR capabilities: IPv6 [true], sendfile [true], accept filters [false], random [true].
11-Sep-2022 01:47:01.818 INFORMATION [main] org.apache.catalina.core.AprLifecycleListener.lifecycleEvent APR/OpenSSL configuration: useAprConnector [false], useOpenSSL [true]
11-Sep-2022 01:47:01.831 INFORMATION [main] org.apache.catalina.core.AprLifecycleListener.initializeSSL OpenSSL successfully initialized [OpenSSL 1.1.1a  20 Nov 2018]
11-Sep-2022 01:47:01.898 INFORMATION [main] org.apache.coyote.AbstractProtocol.init Initialisiere ProtocolHandler["http-nio-8080"]
11-Sep-2022 01:47:02.084 INFORMATION [main] org.apache.coyote.AbstractProtocol.init Initialisiere ProtocolHandler["ajp-nio-8009"]
11-Sep-2022 01:47:02.095 INFORMATION [main] org.apache.catalina.startup.Catalina.load Server initialization in [753] milliseconds
11-Sep-2022 01:47:02.181 INFORMATION [main] org.apache.catalina.core.StandardService.startInternal Starting service [Catalina]
11-Sep-2022 01:47:02.182 INFORMATION [main] org.apache.catalina.core.StandardEngine.startInternal Starting Servlet engine: [Apache Tomcat/9.0.14]
11-Sep-2022 01:47:02.210 INFORMATION [main] org.apache.catalina.startup.HostConfig.deployWAR Deploying web application archive [C:\Users\zarei\Desktop\apache-tomcat-9.0.14\webapps\ROOT.war]
11-Sep-2022 01:47:05.262 WARNUNG [main] org.apache.catalina.webresources.Cache.getResource Unable to add the resource at [/WEB-INF/classes/static/assets/fontawesome/webfonts/fa-brands-400.woff2] to the cache for web application [] because there was insufficient free space available after evicting expired cache entries - consider increasing the maximum size of the cache
11-Sep-2022 01:47:05.265 WARNUNG [main] org.apache.catalina.webresources.Cache.getResource Unable to add the resource at [/WEB-INF/classes/static/assets/fontawesome/webfonts/fa-regular-400.woff2] to the cache for web application [] because there was insufficient free space available after evicting expired cache entries - consider increasing the maximum size of the cache
11-Sep-2022 01:47:05.268 WARNUNG [main] org.apache.catalina.webresources.Cache.getResource Unable to add the resource at [/WEB-INF/classes/static/assets/fontawesome/webfonts/fa-solid-900.ttf] to the cache for web application [] because there was insufficient free space available after evicting expired cache entries - consider increasing the maximum size of the cache
11-Sep-2022 01:47:05.277 WARNUNG [main] org.apache.catalina.webresources.Cache.getResource Unable to add the resource at [/WEB-INF/classes/static/assets/fontawesome/webfonts/fa-solid-900.woff2] to the cache for web application [] because there was insufficient free space available after evicting expired cache entries - consider increasing the maximum size of the cache
11-Sep-2022 01:47:05.279 WARNUNG [main] org.apache.catalina.webresources.Cache.getResource Unable to add the resource at [/WEB-INF/classes/static/assets/fontawesome/webfonts/fa-v4compatibility.ttf] to the cache for web application [] because there was insufficient free space available after evicting expired cache entries - consider increasing the maximum size of the cache
11-Sep-2022 01:47:05.283 WARNUNG [main] org.apache.catalina.webresources.Cache.getResource Unable to add the resource at [/WEB-INF/classes/static/assets/images/back.png] to the cache for web application [] because there was insufficient free space available after evicting expired cache entries - consider increasing the maximum size of the cache
11-Sep-2022 01:47:05.285 WARNUNG [main] org.apache.catalina.webresources.Cache.getResource Unable to add the resource at [/WEB-INF/classes/static/assets/images/header.png] to the cache for web application [] because there was insufficient free space available after evicting expired cache entries - consider increasing the maximum size of the cache
11-Sep-2022 01:47:05.288 WARNUNG [main] org.apache.catalina.webresources.Cache.getResource Unable to add the resource at [/WEB-INF/classes/static/assets/images/himmel.jpg] to the cache for web application [] because there was insufficient free space available after evicting expired cache entries - consider increasing the maximum size of the cache
11-Sep-2022 01:47:05.290 WARNUNG [main] org.apache.catalina.webresources.Cache.getResource Unable to add the resource at [/WEB-INF/classes/static/assets/images/logo.png] to the cache for web application [] because there was insufficient free space available after evicting expired cache entries - consider increasing the maximum size of the cache
11-Sep-2022 01:47:05.292 WARNUNG [main] org.apache.catalina.webresources.Cache.getResource Unable to add the resource at [/WEB-INF/classes/static/assets/images/ude-logo.png] to the cache for web application [] because there was insufficient free space available after evicting expired cache entries - consider increasing the maximum size of the cache
11-Sep-2022 01:47:05.295 WARNUNG [main] org.apache.catalina.webresources.Cache.getResource Unable to add the resource at [/WEB-INF/classes/static/assets/jquery/jquery.min.js] to the cache for web application [] because there was insufficient free space available after evicting expired cache entries - consider increasing the maximum size of the cache
11-Sep-2022 01:47:22.367 INFORMATION [main] org.apache.jasper.servlet.TldScanner.scanJars At least one JAR was scanned for TLDs yet contained no TLDs. Enable debug logging for this logger for a complete list of JARs that were scanned but no TLDs were found in them. Skipping unneeded JARs during scanning can improve startup time and JSP compilation time.
11-Sep-2022 01:47:22.502 WARNUNG [main] org.apache.catalina.util.SessionIdGeneratorBase.createSecureRandom Creation of SecureRandom instance for session ID generation using [SHA1PRNG] took [106] milliseconds.
11-Sep-2022 01:47:22.532 INFORMATION [main] org.apache.catalina.startup.HostConfig.deployWAR Deployment of web application archive [C:\Users\zarei\Desktop\apache-tomcat-9.0.14\webapps\ROOT.war] has finished in [20.322] ms
11-Sep-2022 01:47:22.538 INFORMATION [main] org.apache.coyote.AbstractProtocol.start Starting ProtocolHandler ["http-nio-8080"]
11-Sep-2022 01:47:22.549 INFORMATION [main] org.apache.coyote.AbstractProtocol.start Starting ProtocolHandler ["ajp-nio-8009"]
11-Sep-2022 01:47:22.564 INFORMATION [main] org.apache.catalina.startup.Catalina.start Server startup in [20.468] milliseconds
11-Sep-2022 19:25:21.481 INFORMATION [main] org.apache.catalina.startup.VersionLoggerListener.log 
 Server Version:        Apache Tomcat/9.0.14
11-Sep-2022 19:25:21.486 INFORMATION [main] org.apache.catalina.startup.VersionLoggerListener.log Server built:          Dec 6 2018 21:13:53 UTC
11-Sep-2022 19:25:21.486 INFORMATION [main] org.apache.catalina.startup.VersionLoggerListener.log Server version number: 9.0.14.0
11-Sep-2022 19:25:21.486 INFORMATION [main] org.apache.catalina.startup.VersionLoggerListener.log OS Name:               Windows 10
11-Sep-2022 19:25:21.486 INFORMATION [main] org.apache.catalina.startup.VersionLoggerListener.log OS Version:            10.0
11-Sep-2022 19:25:21.486 INFORMATION [main] org.apache.catalina.startup.VersionLoggerListener.log Architektur:          amd64
11-Sep-2022 19:25:21.486 INFORMATION [main] org.apache.catalina.startup.VersionLoggerListener.log Java Home:             C:\Program Files\Java\jdk-17.0.2
11-Sep-2022 19:25:21.486 INFORMATION [main] org.apache.catalina.startup.VersionLoggerListener.log JVM Version:           17.0.2+8-LTS-86
11-Sep-2022 19:25:21.486 INFORMATION [main] org.apache.catalina.startup.VersionLoggerListener.log JVM Hersteller:            Oracle Corporation
11-Sep-2022 19:25:21.486 INFORMATION [main] org.apache.catalina.startup.VersionLoggerListener.log 
 CATALINA_BASE:         C:\Users\zarei\Desktop\apache-tomcat-9.0.14
11-Sep-2022 19:25:21.486 INFORMATION [main] org.apache.catalina.startup.VersionLoggerListener.log CATALINA_HOME:         C:\Users\zarei\Desktop\apache-tomcat-9.0.14
11-Sep-2022 19:25:21.486 INFORMATION [main] org.apache.catalina.startup.VersionLoggerListener.log Command line argument: --add-opens=java.base/java.lang=ALL-UNNAMED
11-Sep-2022 19:25:21.486 INFORMATION [main] org.apache.catalina.startup.VersionLoggerListener.log Command line argument: --add-opens=java.base/java.io=ALL-UNNAMED
11-Sep-2022 19:25:21.486 INFORMATION [main] org.apache.catalina.startup.VersionLoggerListener.log Command line argument: --add-opens=java.rmi/sun.rmi.transport=ALL-UNNAMED
11-Sep-2022 19:25:21.491 INFORMATION [main] org.apache.catalina.startup.VersionLoggerListener.log Command line argument: -Djava.util.logging.config.file=C:\Users\zarei\Desktop\apache-tomcat-9.0.14\conf\logging.properties
11-Sep-2022 19:25:21.491 INFORMATION [main] org.apache.catalina.startup.VersionLoggerListener.log Command line argument: -Djava.util.logging.manager=org.apache.juli.ClassLoaderLogManager
11-Sep-2022 19:25:21.491 INFORMATION [main] org.apache.catalina.startup.VersionLoggerListener.log Command line argument: -Djdk.tls.ephemeralDHKeySize=2048
11-Sep-2022 19:25:21.491 INFORMATION [main] org.apache.catalina.startup.VersionLoggerListener.log Command line argument: -Djava.protocol.handler.pkgs=org.apache.catalina.webresources
11-Sep-2022 19:25:21.491 INFORMATION [main] org.apache.catalina.startup.VersionLoggerListener.log Command line argument: -Dignore.endorsed.dirs=
11-Sep-2022 19:25:21.491 INFORMATION [main] org.apache.catalina.startup.VersionLoggerListener.log Command line argument: -Dcatalina.base=C:\Users\zarei\Desktop\apache-tomcat-9.0.14
11-Sep-2022 19:25:21.491 INFORMATION [main] org.apache.catalina.startup.VersionLoggerListener.log Command line argument: -Dcatalina.home=C:\Users\zarei\Desktop\apache-tomcat-9.0.14
11-Sep-2022 19:25:21.491 INFORMATION [main] org.apache.catalina.startup.VersionLoggerListener.log Command line argument: -Djava.io.tmpdir=C:\Users\zarei\Desktop\apache-tomcat-9.0.14\temp
11-Sep-2022 19:25:21.491 INFORMATION [main] org.apache.catalina.core.AprLifecycleListener.lifecycleEvent Loaded APR based Apache Tomcat Native library [1.2.19] using APR version [1.6.5].
11-Sep-2022 19:25:21.491 INFORMATION [main] org.apache.catalina.core.AprLifecycleListener.lifecycleEvent APR capabilities: IPv6 [true], sendfile [true], accept filters [false], random [true].
11-Sep-2022 19:25:21.491 INFORMATION [main] org.apache.catalina.core.AprLifecycleListener.lifecycleEvent APR/OpenSSL configuration: useAprConnector [false], useOpenSSL [true]
11-Sep-2022 19:25:21.512 INFORMATION [main] org.apache.catalina.core.AprLifecycleListener.initializeSSL OpenSSL successfully initialized [OpenSSL 1.1.1a  20 Nov 2018]
11-Sep-2022 19:25:21.573 INFORMATION [main] org.apache.coyote.AbstractProtocol.init Initialisiere ProtocolHandler["http-nio-8080"]
11-Sep-2022 19:25:21.779 INFORMATION [main] org.apache.coyote.AbstractProtocol.init Initialisiere ProtocolHandler["ajp-nio-8009"]
11-Sep-2022 19:25:21.787 INFORMATION [main] org.apache.catalina.startup.Catalina.load Server initialization in [825] milliseconds
11-Sep-2022 19:25:21.857 INFORMATION [main] org.apache.catalina.core.StandardService.startInternal Starting service [Catalina]
11-Sep-2022 19:25:21.867 INFORMATION [main] org.apache.catalina.core.StandardEngine.startInternal Starting Servlet engine: [Apache Tomcat/9.0.14]
11-Sep-2022 19:25:21.898 INFORMATION [main] org.apache.catalina.startup.HostConfig.deployWAR Deploying web application archive [C:\Users\zarei\Desktop\apache-tomcat-9.0.14\webapps\ROOT.war]
11-Sep-2022 19:25:32.844 WARNUNG [main] org.apache.catalina.webresources.Cache.getResource Unable to add the resource at [/WEB-INF/classes/static/assets/fontawesome/webfonts/fa-brands-400.woff2] to the cache for web application [] because there was insufficient free space available after evicting expired cache entries - consider increasing the maximum size of the cache
11-Sep-2022 19:25:32.844 WARNUNG [main] org.apache.catalina.webresources.Cache.getResource Unable to add the resource at [/WEB-INF/classes/static/assets/fontawesome/webfonts/fa-regular-400.woff2] to the cache for web application [] because there was insufficient free space available after evicting expired cache entries - consider increasing the maximum size of the cache
11-Sep-2022 19:25:32.844 WARNUNG [main] org.apache.catalina.webresources.Cache.getResource Unable to add the resource at [/WEB-INF/classes/static/assets/fontawesome/webfonts/fa-solid-900.ttf] to the cache for web application [] because there was insufficient free space available after evicting expired cache entries - consider increasing the maximum size of the cache
11-Sep-2022 19:25:32.844 WARNUNG [main] org.apache.catalina.webresources.Cache.getResource Unable to add the resource at [/WEB-INF/classes/static/assets/fontawesome/webfonts/fa-solid-900.woff2] to the cache for web application [] because there was insufficient free space available after evicting expired cache entries - consider increasing the maximum size of the cache
11-Sep-2022 19:25:32.844 WARNUNG [main] org.apache.catalina.webresources.Cache.getResource Unable to add the resource at [/WEB-INF/classes/static/assets/fontawesome/webfonts/fa-v4compatibility.ttf] to the cache for web application [] because there was insufficient free space available after evicting expired cache entries - consider increasing the maximum size of the cache
11-Sep-2022 19:25:32.860 WARNUNG [main] org.apache.catalina.webresources.Cache.getResource Unable to add the resource at [/WEB-INF/classes/static/assets/images/back.png] to the cache for web application [] because there was insufficient free space available after evicting expired cache entries - consider increasing the maximum size of the cache
11-Sep-2022 19:25:32.860 WARNUNG [main] org.apache.catalina.webresources.Cache.getResource Unable to add the resource at [/WEB-INF/classes/static/assets/images/header.png] to the cache for web application [] because there was insufficient free space available after evicting expired cache entries - consider increasing the maximum size of the cache
11-Sep-2022 19:25:32.876 WARNUNG [main] org.apache.catalina.webresources.Cache.getResource Unable to add the resource at [/WEB-INF/classes/static/assets/images/himmel.jpg] to the cache for web application [] because there was insufficient free space available after evicting expired cache entries - consider increasing the maximum size of the cache
11-Sep-2022 19:25:32.876 WARNUNG [main] org.apache.catalina.webresources.Cache.getResource Unable to add the resource at [/WEB-INF/classes/static/assets/images/logo.png] to the cache for web application [] because there was insufficient free space available after evicting expired cache entries - consider increasing the maximum size of the cache
11-Sep-2022 19:25:32.876 WARNUNG [main] org.apache.catalina.webresources.Cache.getResource Unable to add the resource at [/WEB-INF/classes/static/assets/images/ude-logo.png] to the cache for web application [] because there was insufficient free space available after evicting expired cache entries - consider increasing the maximum size of the cache
11-Sep-2022 19:25:32.876 WARNUNG [main] org.apache.catalina.webresources.Cache.getResource Unable to add the resource at [/WEB-INF/classes/static/assets/jquery/jquery.min.js] to the cache for web application [] because there was insufficient free space available after evicting expired cache entries - consider increasing the maximum size of the cache
11-Sep-2022 19:25:46.743 INFORMATION [main] org.apache.jasper.servlet.TldScanner.scanJars At least one JAR was scanned for TLDs yet contained no TLDs. Enable debug logging for this logger for a complete list of JARs that were scanned but no TLDs were found in them. Skipping unneeded JARs during scanning can improve startup time and JSP compilation time.
11-Sep-2022 19:25:46.864 INFORMATION [main] org.apache.catalina.startup.HostConfig.deployWAR Deployment of web application archive [C:\Users\zarei\Desktop\apache-tomcat-9.0.14\webapps\ROOT.war] has finished in [24.966] ms
11-Sep-2022 19:25:46.880 INFORMATION [main] org.apache.coyote.AbstractProtocol.start Starting ProtocolHandler ["http-nio-8080"]
11-Sep-2022 19:25:46.895 INFORMATION [main] org.apache.coyote.AbstractProtocol.start Starting ProtocolHandler ["ajp-nio-8009"]
11-Sep-2022 19:25:46.895 INFORMATION [main] org.apache.catalina.startup.Catalina.start Server startup in [25.111] milliseconds
11-Sep-2022 19:32:05.204 INFORMATION [main] org.apache.catalina.startup.VersionLoggerListener.log 
 Server Version:        Apache Tomcat/9.0.14
11-Sep-2022 19:32:05.222 INFORMATION [main] org.apache.catalina.startup.VersionLoggerListener.log Server built:          Dec 6 2018 21:13:53 UTC
11-Sep-2022 19:32:05.222 INFORMATION [main] org.apache.catalina.startup.VersionLoggerListener.log Server version number: 9.0.14.0
11-Sep-2022 19:32:05.222 INFORMATION [main] org.apache.catalina.startup.VersionLoggerListener.log OS Name:               Windows 10
11-Sep-2022 19:32:05.222 INFORMATION [main] org.apache.catalina.startup.VersionLoggerListener.log OS Version:            10.0
11-Sep-2022 19:32:05.222 INFORMATION [main] org.apache.catalina.startup.VersionLoggerListener.log Architektur:          amd64
11-Sep-2022 19:32:05.222 INFORMATION [main] org.apache.catalina.startup.VersionLoggerListener.log Java Home:             C:\Program Files\Java\jdk-17.0.2
11-Sep-2022 19:32:05.222 INFORMATION [main] org.apache.catalina.startup.VersionLoggerListener.log JVM Version:           17.0.2+8-LTS-86
11-Sep-2022 19:32:05.222 INFORMATION [main] org.apache.catalina.startup.VersionLoggerListener.log JVM Hersteller:            Oracle Corporation
11-Sep-2022 19:32:05.222 INFORMATION [main] org.apache.catalina.startup.VersionLoggerListener.log 
 CATALINA_BASE:         C:\Users\zarei\Desktop\apache-tomcat-9.0.14
11-Sep-2022 19:32:05.222 INFORMATION [main] org.apache.catalina.startup.VersionLoggerListener.log CATALINA_HOME:         C:\Users\zarei\Desktop\apache-tomcat-9.0.14
11-Sep-2022 19:32:05.222 INFORMATION [main] org.apache.catalina.startup.VersionLoggerListener.log Command line argument: --add-opens=java.base/java.lang=ALL-UNNAMED
11-Sep-2022 19:32:05.222 INFORMATION [main] org.apache.catalina.startup.VersionLoggerListener.log Command line argument: --add-opens=java.base/java.io=ALL-UNNAMED
11-Sep-2022 19:32:05.222 INFORMATION [main] org.apache.catalina.startup.VersionLoggerListener.log Command line argument: --add-opens=java.rmi/sun.rmi.transport=ALL-UNNAMED
11-Sep-2022 19:32:05.222 INFORMATION [main] org.apache.catalina.startup.VersionLoggerListener.log Command line argument: -Djava.util.logging.config.file=C:\Users\zarei\Desktop\apache-tomcat-9.0.14\conf\logging.properties
11-Sep-2022 19:32:05.222 INFORMATION [main] org.apache.catalina.startup.VersionLoggerListener.log Command line argument: -Djava.util.logging.manager=org.apache.juli.ClassLoaderLogManager
11-Sep-2022 19:32:05.222 INFORMATION [main] org.apache.catalina.startup.VersionLoggerListener.log Command line argument: -Djdk.tls.ephemeralDHKeySize=2048
11-Sep-2022 19:32:05.222 INFORMATION [main] org.apache.catalina.startup.VersionLoggerListener.log Command line argument: -Djava.protocol.handler.pkgs=org.apache.catalina.webresources
11-Sep-2022 19:32:05.222 INFORMATION [main] org.apache.catalina.startup.VersionLoggerListener.log Command line argument: -Dignore.endorsed.dirs=
11-Sep-2022 19:32:05.222 INFORMATION [main] org.apache.catalina.startup.VersionLoggerListener.log Command line argument: -Dcatalina.base=C:\Users\zarei\Desktop\apache-tomcat-9.0.14
11-Sep-2022 19:32:05.222 INFORMATION [main] org.apache.catalina.startup.VersionLoggerListener.log Command line argument: -Dcatalina.home=C:\Users\zarei\Desktop\apache-tomcat-9.0.14
11-Sep-2022 19:32:05.222 INFORMATION [main] org.apache.catalina.startup.VersionLoggerListener.log Command line argument: -Djava.io.tmpdir=C:\Users\zarei\Desktop\apache-tomcat-9.0.14\temp
11-Sep-2022 19:32:05.222 INFORMATION [main] org.apache.catalina.core.AprLifecycleListener.lifecycleEvent Loaded APR based Apache Tomcat Native library [1.2.19] using APR version [1.6.5].
11-Sep-2022 19:32:05.222 INFORMATION [main] org.apache.catalina.core.AprLifecycleListener.lifecycleEvent APR capabilities: IPv6 [true], sendfile [true], accept filters [false], random [true].
11-Sep-2022 19:32:05.222 INFORMATION [main] org.apache.catalina.core.AprLifecycleListener.lifecycleEvent APR/OpenSSL configuration: useAprConnector [false], useOpenSSL [true]
11-Sep-2022 19:32:05.241 INFORMATION [main] org.apache.catalina.core.AprLifecycleListener.initializeSSL OpenSSL successfully initialized [OpenSSL 1.1.1a  20 Nov 2018]
11-Sep-2022 19:32:05.289 INFORMATION [main] org.apache.coyote.AbstractProtocol.init Initialisiere ProtocolHandler["http-nio-8080"]
11-Sep-2022 19:32:05.488 INFORMATION [main] org.apache.coyote.AbstractProtocol.init Initialisiere ProtocolHandler["ajp-nio-8009"]
11-Sep-2022 19:32:05.504 INFORMATION [main] org.apache.catalina.startup.Catalina.load Server initialization in [717] milliseconds
11-Sep-2022 19:32:05.557 INFORMATION [main] org.apache.catalina.core.StandardService.startInternal Starting service [Catalina]
11-Sep-2022 19:32:05.557 INFORMATION [main] org.apache.catalina.core.StandardEngine.startInternal Starting Servlet engine: [Apache Tomcat/9.0.14]
11-Sep-2022 19:32:05.588 INFORMATION [main] org.apache.catalina.startup.HostConfig.deployWAR Deploying web application archive [C:\Users\zarei\Desktop\apache-tomcat-9.0.14\webapps\ROOT.war]
11-Sep-2022 19:32:07.816 WARNUNG [main] org.apache.catalina.webresources.Cache.getResource Unable to add the resource at [/WEB-INF/classes/static/assets/fontawesome/webfonts/fa-brands-400.woff2] to the cache for web application [] because there was insufficient free space available after evicting expired cache entries - consider increasing the maximum size of the cache
11-Sep-2022 19:32:07.818 WARNUNG [main] org.apache.catalina.webresources.Cache.getResource Unable to add the resource at [/WEB-INF/classes/static/assets/fontawesome/webfonts/fa-regular-400.woff2] to the cache for web application [] because there was insufficient free space available after evicting expired cache entries - consider increasing the maximum size of the cache
11-Sep-2022 19:32:07.818 WARNUNG [main] org.apache.catalina.webresources.Cache.getResource Unable to add the resource at [/WEB-INF/classes/static/assets/fontawesome/webfonts/fa-solid-900.ttf] to the cache for web application [] because there was insufficient free space available after evicting expired cache entries - consider increasing the maximum size of the cache
11-Sep-2022 19:32:07.829 WARNUNG [main] org.apache.catalina.webresources.Cache.getResource Unable to add the resource at [/WEB-INF/classes/static/assets/fontawesome/webfonts/fa-solid-900.woff2] to the cache for web application [] because there was insufficient free space available after evicting expired cache entries - consider increasing the maximum size of the cache
11-Sep-2022 19:32:07.829 WARNUNG [main] org.apache.catalina.webresources.Cache.getResource Unable to add the resource at [/WEB-INF/classes/static/assets/fontawesome/webfonts/fa-v4compatibility.ttf] to the cache for web application [] because there was insufficient free space available after evicting expired cache entries - consider increasing the maximum size of the cache
11-Sep-2022 19:32:07.829 WARNUNG [main] org.apache.catalina.webresources.Cache.getResource Unable to add the resource at [/WEB-INF/classes/static/assets/images/back.png] to the cache for web application [] because there was insufficient free space available after evicting expired cache entries - consider increasing the maximum size of the cache
11-Sep-2022 19:32:07.837 WARNUNG [main] org.apache.catalina.webresources.Cache.getResource Unable to add the resource at [/WEB-INF/classes/static/assets/images/header.png] to the cache for web application [] because there was insufficient free space available after evicting expired cache entries - consider increasing the maximum size of the cache
11-Sep-2022 19:32:07.837 WARNUNG [main] org.apache.catalina.webresources.Cache.getResource Unable to add the resource at [/WEB-INF/classes/static/assets/images/himmel.jpg] to the cache for web application [] because there was insufficient free space available after evicting expired cache entries - consider increasing the maximum size of the cache
11-Sep-2022 19:32:07.837 WARNUNG [main] org.apache.catalina.webresources.Cache.getResource Unable to add the resource at [/WEB-INF/classes/static/assets/images/logo.png] to the cache for web application [] because there was insufficient free space available after evicting expired cache entries - consider increasing the maximum size of the cache
11-Sep-2022 19:32:07.837 WARNUNG [main] org.apache.catalina.webresources.Cache.getResource Unable to add the resource at [/WEB-INF/classes/static/assets/images/ude-logo.png] to the cache for web application [] because there was insufficient free space available after evicting expired cache entries - consider increasing the maximum size of the cache
11-Sep-2022 19:32:07.837 WARNUNG [main] org.apache.catalina.webresources.Cache.getResource Unable to add the resource at [/WEB-INF/classes/static/assets/jquery/jquery.min.js] to the cache for web application [] because there was insufficient free space available after evicting expired cache entries - consider increasing the maximum size of the cache
11-Sep-2022 19:32:21.738 INFORMATION [main] org.apache.jasper.servlet.TldScanner.scanJars At least one JAR was scanned for TLDs yet contained no TLDs. Enable debug logging for this logger for a complete list of JARs that were scanned but no TLDs were found in them. Skipping unneeded JARs during scanning can improve startup time and JSP compilation time.
11-Sep-2022 19:32:21.873 INFORMATION [main] org.apache.catalina.startup.HostConfig.deployWAR Deployment of web application archive [C:\Users\zarei\Desktop\apache-tomcat-9.0.14\webapps\ROOT.war] has finished in [16.285] ms
11-Sep-2022 19:32:21.892 INFORMATION [main] org.apache.coyote.AbstractProtocol.start Starting ProtocolHandler ["http-nio-8080"]
11-Sep-2022 19:32:21.909 INFORMATION [main] org.apache.coyote.AbstractProtocol.start Starting ProtocolHandler ["ajp-nio-8009"]
11-Sep-2022 19:32:21.909 INFORMATION [main] org.apache.catalina.startup.Catalina.start Server startup in [16.416] milliseconds
