10-Sep-2022 11:11:30.816 INFORMATION [main] org.apache.catalina.startup.VersionLoggerListener.log 
 Server Version:        Apache Tomcat/9.0.14
10-Sep-2022 11:11:30.827 INFORMATION [main] org.apache.catalina.startup.VersionLoggerListener.log Server built:          Dec 6 2018 21:13:53 UTC
10-Sep-2022 11:11:30.827 INFORMATION [main] org.apache.catalina.startup.VersionLoggerListener.log Server version number: 9.0.14.0
10-Sep-2022 11:11:30.827 INFORMATION [main] org.apache.catalina.startup.VersionLoggerListener.log OS Name:               Windows 10
10-Sep-2022 11:11:30.827 INFORMATION [main] org.apache.catalina.startup.VersionLoggerListener.log OS Version:            10.0
10-Sep-2022 11:11:30.827 INFORMATION [main] org.apache.catalina.startup.VersionLoggerListener.log Architektur:          amd64
10-Sep-2022 11:11:30.827 INFORMATION [main] org.apache.catalina.startup.VersionLoggerListener.log Java Home:             C:\Program Files\Java\jdk-17.0.2
10-Sep-2022 11:11:30.827 INFORMATION [main] org.apache.catalina.startup.VersionLoggerListener.log JVM Version:           17.0.2+8-LTS-86
10-Sep-2022 11:11:30.827 INFORMATION [main] org.apache.catalina.startup.VersionLoggerListener.log JVM Hersteller:            Oracle Corporation
10-Sep-2022 11:11:30.827 INFORMATION [main] org.apache.catalina.startup.VersionLoggerListener.log 
 CATALINA_BASE:         C:\Users\zarei\Desktop\apache-tomcat-9.0.14
10-Sep-2022 11:11:30.827 INFORMATION [main] org.apache.catalina.startup.VersionLoggerListener.log CATALINA_HOME:         C:\Users\zarei\Desktop\apache-tomcat-9.0.14
10-Sep-2022 11:11:30.827 INFORMATION [main] org.apache.catalina.startup.VersionLoggerListener.log Command line argument: --add-opens=java.base/java.lang=ALL-UNNAMED
10-Sep-2022 11:11:30.827 INFORMATION [main] org.apache.catalina.startup.VersionLoggerListener.log Command line argument: --add-opens=java.base/java.io=ALL-UNNAMED
10-Sep-2022 11:11:30.827 INFORMATION [main] org.apache.catalina.startup.VersionLoggerListener.log Command line argument: --add-opens=java.rmi/sun.rmi.transport=ALL-UNNAMED
10-Sep-2022 11:11:30.834 INFORMATION [main] org.apache.catalina.startup.VersionLoggerListener.log Command line argument: -Djava.util.logging.config.file=C:\Users\zarei\Desktop\apache-tomcat-9.0.14\conf\logging.properties
10-Sep-2022 11:11:30.834 INFORMATION [main] org.apache.catalina.startup.VersionLoggerListener.log Command line argument: -Djava.util.logging.manager=org.apache.juli.ClassLoaderLogManager
10-Sep-2022 11:11:30.834 INFORMATION [main] org.apache.catalina.startup.VersionLoggerListener.log Command line argument: -Djdk.tls.ephemeralDHKeySize=2048
10-Sep-2022 11:11:30.837 INFORMATION [main] org.apache.catalina.startup.VersionLoggerListener.log Command line argument: -Djava.protocol.handler.pkgs=org.apache.catalina.webresources
10-Sep-2022 11:11:30.837 INFORMATION [main] org.apache.catalina.startup.VersionLoggerListener.log Command line argument: -Dignore.endorsed.dirs=
10-Sep-2022 11:11:30.837 INFORMATION [main] org.apache.catalina.startup.VersionLoggerListener.log Command line argument: -Dcatalina.base=C:\Users\zarei\Desktop\apache-tomcat-9.0.14
10-Sep-2022 11:11:30.837 INFORMATION [main] org.apache.catalina.startup.VersionLoggerListener.log Command line argument: -Dcatalina.home=C:\Users\zarei\Desktop\apache-tomcat-9.0.14
10-Sep-2022 11:11:30.837 INFORMATION [main] org.apache.catalina.startup.VersionLoggerListener.log Command line argument: -Djava.io.tmpdir=C:\Users\zarei\Desktop\apache-tomcat-9.0.14\temp
10-Sep-2022 11:11:30.837 INFORMATION [main] org.apache.catalina.core.AprLifecycleListener.lifecycleEvent Loaded APR based Apache Tomcat Native library [1.2.19] using APR version [1.6.5].
10-Sep-2022 11:11:30.837 INFORMATION [main] org.apache.catalina.core.AprLifecycleListener.lifecycleEvent APR capabilities: IPv6 [true], sendfile [true], accept filters [false], random [true].
10-Sep-2022 11:11:30.837 INFORMATION [main] org.apache.catalina.core.AprLifecycleListener.lifecycleEvent APR/OpenSSL configuration: useAprConnector [false], useOpenSSL [true]
10-Sep-2022 11:11:30.847 INFORMATION [main] org.apache.catalina.core.AprLifecycleListener.initializeSSL OpenSSL successfully initialized [OpenSSL 1.1.1a  20 Nov 2018]
10-Sep-2022 11:11:30.907 INFORMATION [main] org.apache.coyote.AbstractProtocol.init Initialisiere ProtocolHandler["http-nio-8080"]
10-Sep-2022 11:11:31.110 INFORMATION [main] org.apache.coyote.AbstractProtocol.init Initialisiere ProtocolHandler["ajp-nio-8009"]
10-Sep-2022 11:11:31.120 INFORMATION [main] org.apache.catalina.startup.Catalina.load Server initialization in [767] milliseconds
10-Sep-2022 11:11:31.171 INFORMATION [main] org.apache.catalina.core.StandardService.startInternal Starting service [Catalina]
10-Sep-2022 11:11:31.171 INFORMATION [main] org.apache.catalina.core.StandardEngine.startInternal Starting Servlet engine: [Apache Tomcat/9.0.14]
10-Sep-2022 11:11:31.191 INFORMATION [main] org.apache.catalina.startup.HostConfig.deployWAR Deploying web application archive [C:\Users\zarei\Desktop\apache-tomcat-9.0.14\webapps\ROOT.war]
10-Sep-2022 11:11:34.352 WARNUNG [main] org.apache.catalina.webresources.Cache.getResource Unable to add the resource at [/WEB-INF/classes/static/assets/fontawesome/webfonts/fa-brands-400.woff2] to the cache for web application [] because there was insufficient free space available after evicting expired cache entries - consider increasing the maximum size of the cache
10-Sep-2022 11:11:34.354 WARNUNG [main] org.apache.catalina.webresources.Cache.getResource Unable to add the resource at [/WEB-INF/classes/static/assets/fontawesome/webfonts/fa-regular-400.woff2] to the cache for web application [] because there was insufficient free space available after evicting expired cache entries - consider increasing the maximum size of the cache
10-Sep-2022 11:11:34.354 WARNUNG [main] org.apache.catalina.webresources.Cache.getResource Unable to add the resource at [/WEB-INF/classes/static/assets/fontawesome/webfonts/fa-solid-900.ttf] to the cache for web application [] because there was insufficient free space available after evicting expired cache entries - consider increasing the maximum size of the cache
10-Sep-2022 11:11:34.362 WARNUNG [main] org.apache.catalina.webresources.Cache.getResource Unable to add the resource at [/WEB-INF/classes/static/assets/fontawesome/webfonts/fa-solid-900.woff2] to the cache for web application [] because there was insufficient free space available after evicting expired cache entries - consider increasing the maximum size of the cache
10-Sep-2022 11:11:34.362 WARNUNG [main] org.apache.catalina.webresources.Cache.getResource Unable to add the resource at [/WEB-INF/classes/static/assets/fontawesome/webfonts/fa-v4compatibility.ttf] to the cache for web application [] because there was insufficient free space available after evicting expired cache entries - consider increasing the maximum size of the cache
10-Sep-2022 11:11:34.362 WARNUNG [main] org.apache.catalina.webresources.Cache.getResource Unable to add the resource at [/WEB-INF/classes/static/assets/images/back.png] to the cache for web application [] because there was insufficient free space available after evicting expired cache entries - consider increasing the maximum size of the cache
10-Sep-2022 11:11:34.372 WARNUNG [main] org.apache.catalina.webresources.Cache.getResource Unable to add the resource at [/WEB-INF/classes/static/assets/images/header.png] to the cache for web application [] because there was insufficient free space available after evicting expired cache entries - consider increasing the maximum size of the cache
10-Sep-2022 11:11:34.372 WARNUNG [main] org.apache.catalina.webresources.Cache.getResource Unable to add the resource at [/WEB-INF/classes/static/assets/images/himmel.jpg] to the cache for web application [] because there was insufficient free space available after evicting expired cache entries - consider increasing the maximum size of the cache
10-Sep-2022 11:11:34.372 WARNUNG [main] org.apache.catalina.webresources.Cache.getResource Unable to add the resource at [/WEB-INF/classes/static/assets/images/logo.png] to the cache for web application [] because there was insufficient free space available after evicting expired cache entries - consider increasing the maximum size of the cache
10-Sep-2022 11:11:34.382 WARNUNG [main] org.apache.catalina.webresources.Cache.getResource Unable to add the resource at [/WEB-INF/classes/static/assets/images/ude-logo.png] to the cache for web application [] because there was insufficient free space available after evicting expired cache entries - consider increasing the maximum size of the cache
10-Sep-2022 11:11:34.382 WARNUNG [main] org.apache.catalina.webresources.Cache.getResource Unable to add the resource at [/WEB-INF/classes/static/assets/jquery/jquery.min.js] to the cache for web application [] because there was insufficient free space available after evicting expired cache entries - consider increasing the maximum size of the cache
10-Sep-2022 11:11:49.374 INFORMATION [main] org.apache.jasper.servlet.TldScanner.scanJars At least one JAR was scanned for TLDs yet contained no TLDs. Enable debug logging for this logger for a complete list of JARs that were scanned but no TLDs were found in them. Skipping unneeded JARs during scanning can improve startup time and JSP compilation time.
10-Sep-2022 11:11:49.515 INFORMATION [main] org.apache.catalina.startup.HostConfig.deployWAR Deployment of web application archive [C:\Users\zarei\Desktop\apache-tomcat-9.0.14\webapps\ROOT.war] has finished in [18.324] ms
10-Sep-2022 11:11:49.515 INFORMATION [main] org.apache.coyote.AbstractProtocol.start Starting ProtocolHandler ["http-nio-8080"]
10-Sep-2022 11:11:49.529 INFORMATION [main] org.apache.coyote.AbstractProtocol.start Starting ProtocolHandler ["ajp-nio-8009"]
10-Sep-2022 11:11:49.536 INFORMATION [main] org.apache.catalina.startup.Catalina.start Server startup in [18.419] milliseconds
10-Sep-2022 13:54:17.733 INFORMATION [main] org.apache.catalina.startup.VersionLoggerListener.log 
 Server Version:        Apache Tomcat/9.0.14
10-Sep-2022 13:54:17.737 INFORMATION [main] org.apache.catalina.startup.VersionLoggerListener.log Server built:          Dec 6 2018 21:13:53 UTC
10-Sep-2022 13:54:17.738 INFORMATION [main] org.apache.catalina.startup.VersionLoggerListener.log Server version number: 9.0.14.0
10-Sep-2022 13:54:17.739 INFORMATION [main] org.apache.catalina.startup.VersionLoggerListener.log OS Name:               Windows 10
10-Sep-2022 13:54:17.739 INFORMATION [main] org.apache.catalina.startup.VersionLoggerListener.log OS Version:            10.0
10-Sep-2022 13:54:17.739 INFORMATION [main] org.apache.catalina.startup.VersionLoggerListener.log Architektur:          amd64
10-Sep-2022 13:54:17.740 INFORMATION [main] org.apache.catalina.startup.VersionLoggerListener.log Java Home:             C:\Program Files\Java\jdk-17.0.2
10-Sep-2022 13:54:17.740 INFORMATION [main] org.apache.catalina.startup.VersionLoggerListener.log JVM Version:           17.0.2+8-LTS-86
10-Sep-2022 13:54:17.740 INFORMATION [main] org.apache.catalina.startup.VersionLoggerListener.log JVM Hersteller:            Oracle Corporation
10-Sep-2022 13:54:17.741 INFORMATION [main] org.apache.catalina.startup.VersionLoggerListener.log 
 CATALINA_BASE:         C:\Users\zarei\Desktop\apache-tomcat-9.0.14
10-Sep-2022 13:54:17.741 INFORMATION [main] org.apache.catalina.startup.VersionLoggerListener.log CATALINA_HOME:         C:\Users\zarei\Desktop\apache-tomcat-9.0.14
10-Sep-2022 13:54:17.741 INFORMATION [main] org.apache.catalina.startup.VersionLoggerListener.log Command line argument: --add-opens=java.base/java.lang=ALL-UNNAMED
10-Sep-2022 13:54:17.742 INFORMATION [main] org.apache.catalina.startup.VersionLoggerListener.log Command line argument: --add-opens=java.base/java.io=ALL-UNNAMED
10-Sep-2022 13:54:17.742 INFORMATION [main] org.apache.catalina.startup.VersionLoggerListener.log Command line argument: --add-opens=java.rmi/sun.rmi.transport=ALL-UNNAMED
10-Sep-2022 13:54:17.744 INFORMATION [main] org.apache.catalina.startup.VersionLoggerListener.log Command line argument: -Djava.util.logging.config.file=C:\Users\zarei\Desktop\apache-tomcat-9.0.14\conf\logging.properties
10-Sep-2022 13:54:17.744 INFORMATION [main] org.apache.catalina.startup.VersionLoggerListener.log Command line argument: -Djava.util.logging.manager=org.apache.juli.ClassLoaderLogManager
10-Sep-2022 13:54:17.745 INFORMATION [main] org.apache.catalina.startup.VersionLoggerListener.log Command line argument: -Djdk.tls.ephemeralDHKeySize=2048
10-Sep-2022 13:54:17.746 INFORMATION [main] org.apache.catalina.startup.VersionLoggerListener.log Command line argument: -Djava.protocol.handler.pkgs=org.apache.catalina.webresources
10-Sep-2022 13:54:17.746 INFORMATION [main] org.apache.catalina.startup.VersionLoggerListener.log Command line argument: -Dignore.endorsed.dirs=
10-Sep-2022 13:54:17.747 INFORMATION [main] org.apache.catalina.startup.VersionLoggerListener.log Command line argument: -Dcatalina.base=C:\Users\zarei\Desktop\apache-tomcat-9.0.14
10-Sep-2022 13:54:17.748 INFORMATION [main] org.apache.catalina.startup.VersionLoggerListener.log Command line argument: -Dcatalina.home=C:\Users\zarei\Desktop\apache-tomcat-9.0.14
10-Sep-2022 13:54:17.749 INFORMATION [main] org.apache.catalina.startup.VersionLoggerListener.log Command line argument: -Djava.io.tmpdir=C:\Users\zarei\Desktop\apache-tomcat-9.0.14\temp
10-Sep-2022 13:54:17.749 INFORMATION [main] org.apache.catalina.core.AprLifecycleListener.lifecycleEvent Loaded APR based Apache Tomcat Native library [1.2.19] using APR version [1.6.5].
10-Sep-2022 13:54:17.750 INFORMATION [main] org.apache.catalina.core.AprLifecycleListener.lifecycleEvent APR capabilities: IPv6 [true], sendfile [true], accept filters [false], random [true].
10-Sep-2022 13:54:17.758 INFORMATION [main] org.apache.catalina.core.AprLifecycleListener.lifecycleEvent APR/OpenSSL configuration: useAprConnector [false], useOpenSSL [true]
10-Sep-2022 13:54:17.766 INFORMATION [main] org.apache.catalina.core.AprLifecycleListener.initializeSSL OpenSSL successfully initialized [OpenSSL 1.1.1a  20 Nov 2018]
10-Sep-2022 13:54:17.833 INFORMATION [main] org.apache.coyote.AbstractProtocol.init Initialisiere ProtocolHandler["http-nio-8080"]
10-Sep-2022 13:54:18.058 INFORMATION [main] org.apache.coyote.AbstractProtocol.init Initialisiere ProtocolHandler["ajp-nio-8009"]
10-Sep-2022 13:54:18.066 INFORMATION [main] org.apache.catalina.startup.Catalina.load Server initialization in [839] milliseconds
10-Sep-2022 13:54:18.126 INFORMATION [main] org.apache.catalina.core.StandardService.startInternal Starting service [Catalina]
10-Sep-2022 13:54:18.127 INFORMATION [main] org.apache.catalina.core.StandardEngine.startInternal Starting Servlet engine: [Apache Tomcat/9.0.14]
10-Sep-2022 13:54:18.154 INFORMATION [main] org.apache.catalina.startup.HostConfig.deployWAR Deploying web application archive [C:\Users\zarei\Desktop\apache-tomcat-9.0.14\webapps\ROOT.war]
10-Sep-2022 13:54:21.681 WARNUNG [main] org.apache.catalina.webresources.Cache.getResource Unable to add the resource at [/WEB-INF/classes/static/assets/fontawesome/webfonts/fa-brands-400.woff2] to the cache for web application [] because there was insufficient free space available after evicting expired cache entries - consider increasing the maximum size of the cache
10-Sep-2022 13:54:21.684 WARNUNG [main] org.apache.catalina.webresources.Cache.getResource Unable to add the resource at [/WEB-INF/classes/static/assets/fontawesome/webfonts/fa-regular-400.woff2] to the cache for web application [] because there was insufficient free space available after evicting expired cache entries - consider increasing the maximum size of the cache
10-Sep-2022 13:54:21.686 WARNUNG [main] org.apache.catalina.webresources.Cache.getResource Unable to add the resource at [/WEB-INF/classes/static/assets/fontawesome/webfonts/fa-solid-900.ttf] to the cache for web application [] because there was insufficient free space available after evicting expired cache entries - consider increasing the maximum size of the cache
10-Sep-2022 13:54:21.692 WARNUNG [main] org.apache.catalina.webresources.Cache.getResource Unable to add the resource at [/WEB-INF/classes/static/assets/fontawesome/webfonts/fa-solid-900.woff2] to the cache for web application [] because there was insufficient free space available after evicting expired cache entries - consider increasing the maximum size of the cache
10-Sep-2022 13:54:21.695 WARNUNG [main] org.apache.catalina.webresources.Cache.getResource Unable to add the resource at [/WEB-INF/classes/static/assets/fontawesome/webfonts/fa-v4compatibility.ttf] to the cache for web application [] because there was insufficient free space available after evicting expired cache entries - consider increasing the maximum size of the cache
10-Sep-2022 13:54:21.699 WARNUNG [main] org.apache.catalina.webresources.Cache.getResource Unable to add the resource at [/WEB-INF/classes/static/assets/images/back.png] to the cache for web application [] because there was insufficient free space available after evicting expired cache entries - consider increasing the maximum size of the cache
10-Sep-2022 13:54:21.703 WARNUNG [main] org.apache.catalina.webresources.Cache.getResource Unable to add the resource at [/WEB-INF/classes/static/assets/images/header.png] to the cache for web application [] because there was insufficient free space available after evicting expired cache entries - consider increasing the maximum size of the cache
10-Sep-2022 13:54:21.705 WARNUNG [main] org.apache.catalina.webresources.Cache.getResource Unable to add the resource at [/WEB-INF/classes/static/assets/images/himmel.jpg] to the cache for web application [] because there was insufficient free space available after evicting expired cache entries - consider increasing the maximum size of the cache
10-Sep-2022 13:54:21.708 WARNUNG [main] org.apache.catalina.webresources.Cache.getResource Unable to add the resource at [/WEB-INF/classes/static/assets/images/logo.png] to the cache for web application [] because there was insufficient free space available after evicting expired cache entries - consider increasing the maximum size of the cache
10-Sep-2022 13:54:21.710 WARNUNG [main] org.apache.catalina.webresources.Cache.getResource Unable to add the resource at [/WEB-INF/classes/static/assets/images/ude-logo.png] to the cache for web application [] because there was insufficient free space available after evicting expired cache entries - consider increasing the maximum size of the cache
10-Sep-2022 13:54:21.713 WARNUNG [main] org.apache.catalina.webresources.Cache.getResource Unable to add the resource at [/WEB-INF/classes/static/assets/jquery/jquery.min.js] to the cache for web application [] because there was insufficient free space available after evicting expired cache entries - consider increasing the maximum size of the cache
10-Sep-2022 13:54:36.585 INFORMATION [main] org.apache.jasper.servlet.TldScanner.scanJars At least one JAR was scanned for TLDs yet contained no TLDs. Enable debug logging for this logger for a complete list of JARs that were scanned but no TLDs were found in them. Skipping unneeded JARs during scanning can improve startup time and JSP compilation time.
10-Sep-2022 13:54:36.734 INFORMATION [main] org.apache.catalina.startup.HostConfig.deployWAR Deployment of web application archive [C:\Users\zarei\Desktop\apache-tomcat-9.0.14\webapps\ROOT.war] has finished in [18.579] ms
10-Sep-2022 13:54:36.738 INFORMATION [main] org.apache.coyote.AbstractProtocol.start Starting ProtocolHandler ["http-nio-8080"]
10-Sep-2022 13:54:36.756 INFORMATION [main] org.apache.coyote.AbstractProtocol.start Starting ProtocolHandler ["ajp-nio-8009"]
10-Sep-2022 13:54:36.766 INFORMATION [main] org.apache.catalina.startup.Catalina.start Server startup in [18.698] milliseconds
10-Sep-2022 16:36:31.767 INFORMATION [main] org.apache.catalina.startup.VersionLoggerListener.log 
 Server Version:        Apache Tomcat/9.0.14
10-Sep-2022 16:36:31.786 INFORMATION [main] org.apache.catalina.startup.VersionLoggerListener.log Server built:          Dec 6 2018 21:13:53 UTC
10-Sep-2022 16:36:31.787 INFORMATION [main] org.apache.catalina.startup.VersionLoggerListener.log Server version number: 9.0.14.0
10-Sep-2022 16:36:31.787 INFORMATION [main] org.apache.catalina.startup.VersionLoggerListener.log OS Name:               Windows 10
10-Sep-2022 16:36:31.787 INFORMATION [main] org.apache.catalina.startup.VersionLoggerListener.log OS Version:            10.0
10-Sep-2022 16:36:31.787 INFORMATION [main] org.apache.catalina.startup.VersionLoggerListener.log Architektur:          amd64
10-Sep-2022 16:36:31.787 INFORMATION [main] org.apache.catalina.startup.VersionLoggerListener.log Java Home:             C:\Program Files\Java\jdk-17.0.2
10-Sep-2022 16:36:31.787 INFORMATION [main] org.apache.catalina.startup.VersionLoggerListener.log JVM Version:           17.0.2+8-LTS-86
10-Sep-2022 16:36:31.787 INFORMATION [main] org.apache.catalina.startup.VersionLoggerListener.log JVM Hersteller:            Oracle Corporation
10-Sep-2022 16:36:31.787 INFORMATION [main] org.apache.catalina.startup.VersionLoggerListener.log 
 CATALINA_BASE:         C:\Users\zarei\Desktop\apache-tomcat-9.0.14
10-Sep-2022 16:36:31.787 INFORMATION [main] org.apache.catalina.startup.VersionLoggerListener.log CATALINA_HOME:         C:\Users\zarei\Desktop\apache-tomcat-9.0.14
10-Sep-2022 16:36:31.787 INFORMATION [main] org.apache.catalina.startup.VersionLoggerListener.log Command line argument: --add-opens=java.base/java.lang=ALL-UNNAMED
10-Sep-2022 16:36:31.787 INFORMATION [main] org.apache.catalina.startup.VersionLoggerListener.log Command line argument: --add-opens=java.base/java.io=ALL-UNNAMED
10-Sep-2022 16:36:31.787 INFORMATION [main] org.apache.catalina.startup.VersionLoggerListener.log Command line argument: --add-opens=java.rmi/sun.rmi.transport=ALL-UNNAMED
10-Sep-2022 16:36:31.787 INFORMATION [main] org.apache.catalina.startup.VersionLoggerListener.log Command line argument: -Djava.util.logging.config.file=C:\Users\zarei\Desktop\apache-tomcat-9.0.14\conf\logging.properties
10-Sep-2022 16:36:31.787 INFORMATION [main] org.apache.catalina.startup.VersionLoggerListener.log Command line argument: -Djava.util.logging.manager=org.apache.juli.ClassLoaderLogManager
10-Sep-2022 16:36:31.787 INFORMATION [main] org.apache.catalina.startup.VersionLoggerListener.log Command line argument: -Djdk.tls.ephemeralDHKeySize=2048
10-Sep-2022 16:36:31.787 INFORMATION [main] org.apache.catalina.startup.VersionLoggerListener.log Command line argument: -Djava.protocol.handler.pkgs=org.apache.catalina.webresources
10-Sep-2022 16:36:31.787 INFORMATION [main] org.apache.catalina.startup.VersionLoggerListener.log Command line argument: -Dignore.endorsed.dirs=
10-Sep-2022 16:36:31.787 INFORMATION [main] org.apache.catalina.startup.VersionLoggerListener.log Command line argument: -Dcatalina.base=C:\Users\zarei\Desktop\apache-tomcat-9.0.14
10-Sep-2022 16:36:31.787 INFORMATION [main] org.apache.catalina.startup.VersionLoggerListener.log Command line argument: -Dcatalina.home=C:\Users\zarei\Desktop\apache-tomcat-9.0.14
10-Sep-2022 16:36:31.787 INFORMATION [main] org.apache.catalina.startup.VersionLoggerListener.log Command line argument: -Djava.io.tmpdir=C:\Users\zarei\Desktop\apache-tomcat-9.0.14\temp
10-Sep-2022 16:36:31.787 INFORMATION [main] org.apache.catalina.core.AprLifecycleListener.lifecycleEvent Loaded APR based Apache Tomcat Native library [1.2.19] using APR version [1.6.5].
10-Sep-2022 16:36:31.787 INFORMATION [main] org.apache.catalina.core.AprLifecycleListener.lifecycleEvent APR capabilities: IPv6 [true], sendfile [true], accept filters [false], random [true].
10-Sep-2022 16:36:31.787 INFORMATION [main] org.apache.catalina.core.AprLifecycleListener.lifecycleEvent APR/OpenSSL configuration: useAprConnector [false], useOpenSSL [true]
10-Sep-2022 16:36:31.803 INFORMATION [main] org.apache.catalina.core.AprLifecycleListener.initializeSSL OpenSSL successfully initialized [OpenSSL 1.1.1a  20 Nov 2018]
10-Sep-2022 16:36:31.865 INFORMATION [main] org.apache.coyote.AbstractProtocol.init Initialisiere ProtocolHandler["http-nio-8080"]
10-Sep-2022 16:36:32.066 INFORMATION [main] org.apache.coyote.AbstractProtocol.init Initialisiere ProtocolHandler["ajp-nio-8009"]
10-Sep-2022 16:36:32.066 INFORMATION [main] org.apache.catalina.startup.Catalina.load Server initialization in [786] milliseconds
10-Sep-2022 16:36:32.134 INFORMATION [main] org.apache.catalina.core.StandardService.startInternal Starting service [Catalina]
10-Sep-2022 16:36:32.134 INFORMATION [main] org.apache.catalina.core.StandardEngine.startInternal Starting Servlet engine: [Apache Tomcat/9.0.14]
10-Sep-2022 16:36:32.150 INFORMATION [main] org.apache.catalina.startup.HostConfig.deployWAR Deploying web application archive [C:\Users\zarei\Desktop\apache-tomcat-9.0.14\webapps\ROOT.war]
10-Sep-2022 16:36:36.094 WARNUNG [main] org.apache.catalina.webresources.Cache.getResource Unable to add the resource at [/WEB-INF/classes/static/assets/fontawesome/webfonts/fa-brands-400.woff2] to the cache for web application [] because there was insufficient free space available after evicting expired cache entries - consider increasing the maximum size of the cache
10-Sep-2022 16:36:36.094 WARNUNG [main] org.apache.catalina.webresources.Cache.getResource Unable to add the resource at [/WEB-INF/classes/static/assets/fontawesome/webfonts/fa-regular-400.woff2] to the cache for web application [] because there was insufficient free space available after evicting expired cache entries - consider increasing the maximum size of the cache
10-Sep-2022 16:36:36.094 WARNUNG [main] org.apache.catalina.webresources.Cache.getResource Unable to add the resource at [/WEB-INF/classes/static/assets/fontawesome/webfonts/fa-solid-900.ttf] to the cache for web application [] because there was insufficient free space available after evicting expired cache entries - consider increasing the maximum size of the cache
10-Sep-2022 16:36:36.110 WARNUNG [main] org.apache.catalina.webresources.Cache.getResource Unable to add the resource at [/WEB-INF/classes/static/assets/fontawesome/webfonts/fa-solid-900.woff2] to the cache for web application [] because there was insufficient free space available after evicting expired cache entries - consider increasing the maximum size of the cache
10-Sep-2022 16:36:36.110 WARNUNG [main] org.apache.catalina.webresources.Cache.getResource Unable to add the resource at [/WEB-INF/classes/static/assets/fontawesome/webfonts/fa-v4compatibility.ttf] to the cache for web application [] because there was insufficient free space available after evicting expired cache entries - consider increasing the maximum size of the cache
10-Sep-2022 16:36:36.110 WARNUNG [main] org.apache.catalina.webresources.Cache.getResource Unable to add the resource at [/WEB-INF/classes/static/assets/images/back.png] to the cache for web application [] because there was insufficient free space available after evicting expired cache entries - consider increasing the maximum size of the cache
10-Sep-2022 16:36:36.110 WARNUNG [main] org.apache.catalina.webresources.Cache.getResource Unable to add the resource at [/WEB-INF/classes/static/assets/images/header.png] to the cache for web application [] because there was insufficient free space available after evicting expired cache entries - consider increasing the maximum size of the cache
10-Sep-2022 16:36:36.110 WARNUNG [main] org.apache.catalina.webresources.Cache.getResource Unable to add the resource at [/WEB-INF/classes/static/assets/images/himmel.jpg] to the cache for web application [] because there was insufficient free space available after evicting expired cache entries - consider increasing the maximum size of the cache
10-Sep-2022 16:36:36.125 WARNUNG [main] org.apache.catalina.webresources.Cache.getResource Unable to add the resource at [/WEB-INF/classes/static/assets/images/logo.png] to the cache for web application [] because there was insufficient free space available after evicting expired cache entries - consider increasing the maximum size of the cache
10-Sep-2022 16:36:36.125 WARNUNG [main] org.apache.catalina.webresources.Cache.getResource Unable to add the resource at [/WEB-INF/classes/static/assets/images/ude-logo.png] to the cache for web application [] because there was insufficient free space available after evicting expired cache entries - consider increasing the maximum size of the cache
10-Sep-2022 16:36:36.125 WARNUNG [main] org.apache.catalina.webresources.Cache.getResource Unable to add the resource at [/WEB-INF/classes/static/assets/jquery/jquery.min.js] to the cache for web application [] because there was insufficient free space available after evicting expired cache entries - consider increasing the maximum size of the cache
10-Sep-2022 16:36:50.141 INFORMATION [main] org.apache.jasper.servlet.TldScanner.scanJars At least one JAR was scanned for TLDs yet contained no TLDs. Enable debug logging for this logger for a complete list of JARs that were scanned but no TLDs were found in them. Skipping unneeded JARs during scanning can improve startup time and JSP compilation time.
10-Sep-2022 16:36:50.279 INFORMATION [main] org.apache.catalina.startup.HostConfig.deployWAR Deployment of web application archive [C:\Users\zarei\Desktop\apache-tomcat-9.0.14\webapps\ROOT.war] has finished in [18.129] ms
10-Sep-2022 16:36:50.279 INFORMATION [main] org.apache.coyote.AbstractProtocol.start Starting ProtocolHandler ["http-nio-8080"]
10-Sep-2022 16:36:50.295 INFORMATION [main] org.apache.coyote.AbstractProtocol.start Starting ProtocolHandler ["ajp-nio-8009"]
10-Sep-2022 16:36:50.310 INFORMATION [main] org.apache.catalina.startup.Catalina.start Server startup in [18.234] milliseconds
10-Sep-2022 16:46:58.324 INFORMATION [main] org.apache.catalina.startup.VersionLoggerListener.log 
 Server Version:        Apache Tomcat/9.0.14
10-Sep-2022 16:46:58.343 INFORMATION [main] org.apache.catalina.startup.VersionLoggerListener.log Server built:          Dec 6 2018 21:13:53 UTC
10-Sep-2022 16:46:58.343 INFORMATION [main] org.apache.catalina.startup.VersionLoggerListener.log Server version number: 9.0.14.0
10-Sep-2022 16:46:58.343 INFORMATION [main] org.apache.catalina.startup.VersionLoggerListener.log OS Name:               Windows 10
10-Sep-2022 16:46:58.343 INFORMATION [main] org.apache.catalina.startup.VersionLoggerListener.log OS Version:            10.0
10-Sep-2022 16:46:58.343 INFORMATION [main] org.apache.catalina.startup.VersionLoggerListener.log Architektur:          amd64
10-Sep-2022 16:46:58.343 INFORMATION [main] org.apache.catalina.startup.VersionLoggerListener.log Java Home:             C:\Program Files\Java\jdk-17.0.2
10-Sep-2022 16:46:58.343 INFORMATION [main] org.apache.catalina.startup.VersionLoggerListener.log JVM Version:           17.0.2+8-LTS-86
10-Sep-2022 16:46:58.343 INFORMATION [main] org.apache.catalina.startup.VersionLoggerListener.log JVM Hersteller:            Oracle Corporation
10-Sep-2022 16:46:58.343 INFORMATION [main] org.apache.catalina.startup.VersionLoggerListener.log 
 CATALINA_BASE:         C:\Users\zarei\Desktop\apache-tomcat-9.0.14
10-Sep-2022 16:46:58.343 INFORMATION [main] org.apache.catalina.startup.VersionLoggerListener.log CATALINA_HOME:         C:\Users\zarei\Desktop\apache-tomcat-9.0.14
10-Sep-2022 16:46:58.343 INFORMATION [main] org.apache.catalina.startup.VersionLoggerListener.log Command line argument: --add-opens=java.base/java.lang=ALL-UNNAMED
10-Sep-2022 16:46:58.343 INFORMATION [main] org.apache.catalina.startup.VersionLoggerListener.log Command line argument: --add-opens=java.base/java.io=ALL-UNNAMED
10-Sep-2022 16:46:58.343 INFORMATION [main] org.apache.catalina.startup.VersionLoggerListener.log Command line argument: --add-opens=java.rmi/sun.rmi.transport=ALL-UNNAMED
10-Sep-2022 16:46:58.343 INFORMATION [main] org.apache.catalina.startup.VersionLoggerListener.log Command line argument: -Djava.util.logging.config.file=C:\Users\zarei\Desktop\apache-tomcat-9.0.14\conf\logging.properties
10-Sep-2022 16:46:58.343 INFORMATION [main] org.apache.catalina.startup.VersionLoggerListener.log Command line argument: -Djava.util.logging.manager=org.apache.juli.ClassLoaderLogManager
10-Sep-2022 16:46:58.343 INFORMATION [main] org.apache.catalina.startup.VersionLoggerListener.log Command line argument: -Djdk.tls.ephemeralDHKeySize=2048
10-Sep-2022 16:46:58.343 INFORMATION [main] org.apache.catalina.startup.VersionLoggerListener.log Command line argument: -Djava.protocol.handler.pkgs=org.apache.catalina.webresources
10-Sep-2022 16:46:58.343 INFORMATION [main] org.apache.catalina.startup.VersionLoggerListener.log Command line argument: -Dignore.endorsed.dirs=
10-Sep-2022 16:46:58.343 INFORMATION [main] org.apache.catalina.startup.VersionLoggerListener.log Command line argument: -Dcatalina.base=C:\Users\zarei\Desktop\apache-tomcat-9.0.14
10-Sep-2022 16:46:58.343 INFORMATION [main] org.apache.catalina.startup.VersionLoggerListener.log Command line argument: -Dcatalina.home=C:\Users\zarei\Desktop\apache-tomcat-9.0.14
10-Sep-2022 16:46:58.343 INFORMATION [main] org.apache.catalina.startup.VersionLoggerListener.log Command line argument: -Djava.io.tmpdir=C:\Users\zarei\Desktop\apache-tomcat-9.0.14\temp
10-Sep-2022 16:46:58.343 INFORMATION [main] org.apache.catalina.core.AprLifecycleListener.lifecycleEvent Loaded APR based Apache Tomcat Native library [1.2.19] using APR version [1.6.5].
10-Sep-2022 16:46:58.343 INFORMATION [main] org.apache.catalina.core.AprLifecycleListener.lifecycleEvent APR capabilities: IPv6 [true], sendfile [true], accept filters [false], random [true].
10-Sep-2022 16:46:58.343 INFORMATION [main] org.apache.catalina.core.AprLifecycleListener.lifecycleEvent APR/OpenSSL configuration: useAprConnector [false], useOpenSSL [true]
10-Sep-2022 16:46:58.359 INFORMATION [main] org.apache.catalina.core.AprLifecycleListener.initializeSSL OpenSSL successfully initialized [OpenSSL 1.1.1a  20 Nov 2018]
10-Sep-2022 16:46:58.433 INFORMATION [main] org.apache.coyote.AbstractProtocol.init Initialisiere ProtocolHandler["http-nio-8080"]
10-Sep-2022 16:46:58.635 SCHWERWIEGEND [main] org.apache.catalina.util.LifecycleBase.handleSubClassException Failed to initialize component [Connector[HTTP/1.1-8080]]
 org.apache.catalina.LifecycleException: Protocol handler initialization failed
	at org.apache.catalina.connector.Connector.initInternal(Connector.java:979)
	at org.apache.catalina.util.LifecycleBase.init(LifecycleBase.java:136)
	at org.apache.catalina.core.StandardService.initInternal(StandardService.java:535)
	at org.apache.catalina.util.LifecycleBase.init(LifecycleBase.java:136)
	at org.apache.catalina.core.StandardServer.initInternal(StandardServer.java:1060)
	at org.apache.catalina.util.LifecycleBase.init(LifecycleBase.java:136)
	at org.apache.catalina.startup.Catalina.load(Catalina.java:588)
	at org.apache.catalina.startup.Catalina.load(Catalina.java:611)
	at java.base/jdk.internal.reflect.NativeMethodAccessorImpl.invoke0(Native Method)
	at java.base/jdk.internal.reflect.NativeMethodAccessorImpl.invoke(NativeMethodAccessorImpl.java:77)
	at java.base/jdk.internal.reflect.DelegatingMethodAccessorImpl.invoke(DelegatingMethodAccessorImpl.java:43)
	at java.base/java.lang.reflect.Method.invoke(Method.java:568)
	at org.apache.catalina.startup.Bootstrap.load(Bootstrap.java:306)
	at org.apache.catalina.startup.Bootstrap.main(Bootstrap.java:491)
Caused by: java.net.BindException: Address already in use: bind
	at java.base/sun.nio.ch.Net.bind0(Native Method)
	at java.base/sun.nio.ch.Net.bind(Net.java:555)
	at java.base/sun.nio.ch.ServerSocketChannelImpl.netBind(ServerSocketChannelImpl.java:337)
	at java.base/sun.nio.ch.ServerSocketChannelImpl.bind(ServerSocketChannelImpl.java:294)
	at java.base/sun.nio.ch.ServerSocketAdaptor.bind(ServerSocketAdaptor.java:89)
	at org.apache.tomcat.util.net.NioEndpoint.initServerSocket(NioEndpoint.java:236)
	at org.apache.tomcat.util.net.NioEndpoint.bind(NioEndpoint.java:210)
	at org.apache.tomcat.util.net.AbstractEndpoint.bindWithCleanup(AbstractEndpoint.java:1085)
	at org.apache.tomcat.util.net.AbstractEndpoint.init(AbstractEndpoint.java:1098)
	at org.apache.coyote.AbstractProtocol.init(AbstractProtocol.java:557)
	at org.apache.coyote.http11.AbstractHttp11Protocol.init(AbstractHttp11Protocol.java:74)
	at org.apache.catalina.connector.Connector.initInternal(Connector.java:976)
	... 13 more

10-Sep-2022 16:46:58.639 INFORMATION [main] org.apache.coyote.AbstractProtocol.init Initialisiere ProtocolHandler["ajp-nio-8009"]
10-Sep-2022 16:46:58.658 INFORMATION [main] org.apache.catalina.startup.Catalina.load Server initialization in [748] milliseconds
10-Sep-2022 16:46:58.734 INFORMATION [main] org.apache.catalina.core.StandardService.startInternal Starting service [Catalina]
10-Sep-2022 16:46:58.734 INFORMATION [main] org.apache.catalina.core.StandardEngine.startInternal Starting Servlet engine: [Apache Tomcat/9.0.14]
10-Sep-2022 16:46:58.752 INFORMATION [main] org.apache.catalina.startup.HostConfig.deployWAR Deploying web application archive [C:\Users\zarei\Desktop\apache-tomcat-9.0.14\webapps\ROOT.war]
10-Sep-2022 16:47:01.696 WARNUNG [main] org.apache.catalina.webresources.Cache.getResource Unable to add the resource at [/WEB-INF/classes/static/assets/fontawesome/webfonts/fa-brands-400.woff2] to the cache for web application [] because there was insufficient free space available after evicting expired cache entries - consider increasing the maximum size of the cache
10-Sep-2022 16:47:01.696 WARNUNG [main] org.apache.catalina.webresources.Cache.getResource Unable to add the resource at [/WEB-INF/classes/static/assets/fontawesome/webfonts/fa-regular-400.woff2] to the cache for web application [] because there was insufficient free space available after evicting expired cache entries - consider increasing the maximum size of the cache
10-Sep-2022 16:47:01.713 WARNUNG [main] org.apache.catalina.webresources.Cache.getResource Unable to add the resource at [/WEB-INF/classes/static/assets/fontawesome/webfonts/fa-solid-900.ttf] to the cache for web application [] because there was insufficient free space available after evicting expired cache entries - consider increasing the maximum size of the cache
10-Sep-2022 16:47:01.713 WARNUNG [main] org.apache.catalina.webresources.Cache.getResource Unable to add the resource at [/WEB-INF/classes/static/assets/fontawesome/webfonts/fa-solid-900.woff2] to the cache for web application [] because there was insufficient free space available after evicting expired cache entries - consider increasing the maximum size of the cache
10-Sep-2022 16:47:01.713 WARNUNG [main] org.apache.catalina.webresources.Cache.getResource Unable to add the resource at [/WEB-INF/classes/static/assets/fontawesome/webfonts/fa-v4compatibility.ttf] to the cache for web application [] because there was insufficient free space available after evicting expired cache entries - consider increasing the maximum size of the cache
10-Sep-2022 16:47:01.713 WARNUNG [main] org.apache.catalina.webresources.Cache.getResource Unable to add the resource at [/WEB-INF/classes/static/assets/images/back.png] to the cache for web application [] because there was insufficient free space available after evicting expired cache entries - consider increasing the maximum size of the cache
10-Sep-2022 16:47:01.713 WARNUNG [main] org.apache.catalina.webresources.Cache.getResource Unable to add the resource at [/WEB-INF/classes/static/assets/images/header.png] to the cache for web application [] because there was insufficient free space available after evicting expired cache entries - consider increasing the maximum size of the cache
10-Sep-2022 16:47:01.713 WARNUNG [main] org.apache.catalina.webresources.Cache.getResource Unable to add the resource at [/WEB-INF/classes/static/assets/images/himmel.jpg] to the cache for web application [] because there was insufficient free space available after evicting expired cache entries - consider increasing the maximum size of the cache
10-Sep-2022 16:47:01.713 WARNUNG [main] org.apache.catalina.webresources.Cache.getResource Unable to add the resource at [/WEB-INF/classes/static/assets/images/logo.png] to the cache for web application [] because there was insufficient free space available after evicting expired cache entries - consider increasing the maximum size of the cache
10-Sep-2022 16:47:01.729 WARNUNG [main] org.apache.catalina.webresources.Cache.getResource Unable to add the resource at [/WEB-INF/classes/static/assets/images/ude-logo.png] to the cache for web application [] because there was insufficient free space available after evicting expired cache entries - consider increasing the maximum size of the cache
10-Sep-2022 16:47:01.729 WARNUNG [main] org.apache.catalina.webresources.Cache.getResource Unable to add the resource at [/WEB-INF/classes/static/assets/jquery/jquery.min.js] to the cache for web application [] because there was insufficient free space available after evicting expired cache entries - consider increasing the maximum size of the cache
10-Sep-2022 16:47:16.194 INFORMATION [main] org.apache.jasper.servlet.TldScanner.scanJars At least one JAR was scanned for TLDs yet contained no TLDs. Enable debug logging for this logger for a complete list of JARs that were scanned but no TLDs were found in them. Skipping unneeded JARs during scanning can improve startup time and JSP compilation time.
10-Sep-2022 16:47:16.313 WARNUNG [main] org.apache.catalina.util.SessionIdGeneratorBase.createSecureRandom Creation of SecureRandom instance for session ID generation using [SHA1PRNG] took [104] milliseconds.
10-Sep-2022 16:47:16.329 INFORMATION [main] org.apache.catalina.startup.HostConfig.deployWAR Deployment of web application archive [C:\Users\zarei\Desktop\apache-tomcat-9.0.14\webapps\ROOT.war] has finished in [17.577] ms
10-Sep-2022 16:47:16.345 INFORMATION [main] org.apache.coyote.AbstractProtocol.start Starting ProtocolHandler ["ajp-nio-8009"]
10-Sep-2022 16:47:16.379 INFORMATION [main] org.apache.catalina.startup.Catalina.start Server startup in [17.709] milliseconds
10-Sep-2022 16:51:33.873 INFORMATION [main] org.apache.catalina.startup.VersionLoggerListener.log 
 Server Version:        Apache Tomcat/9.0.14
10-Sep-2022 16:51:33.879 INFORMATION [main] org.apache.catalina.startup.VersionLoggerListener.log Server built:          Dec 6 2018 21:13:53 UTC
10-Sep-2022 16:51:33.879 INFORMATION [main] org.apache.catalina.startup.VersionLoggerListener.log Server version number: 9.0.14.0
10-Sep-2022 16:51:33.879 INFORMATION [main] org.apache.catalina.startup.VersionLoggerListener.log OS Name:               Windows 10
10-Sep-2022 16:51:33.879 INFORMATION [main] org.apache.catalina.startup.VersionLoggerListener.log OS Version:            10.0
10-Sep-2022 16:51:33.879 INFORMATION [main] org.apache.catalina.startup.VersionLoggerListener.log Architektur:          amd64
10-Sep-2022 16:51:33.879 INFORMATION [main] org.apache.catalina.startup.VersionLoggerListener.log Java Home:             C:\Program Files\Java\jdk-17.0.2
10-Sep-2022 16:51:33.879 INFORMATION [main] org.apache.catalina.startup.VersionLoggerListener.log JVM Version:           17.0.2+8-LTS-86
10-Sep-2022 16:51:33.879 INFORMATION [main] org.apache.catalina.startup.VersionLoggerListener.log JVM Hersteller:            Oracle Corporation
10-Sep-2022 16:51:33.879 INFORMATION [main] org.apache.catalina.startup.VersionLoggerListener.log 
 CATALINA_BASE:         C:\Users\zarei\Desktop\apache-tomcat-9.0.14
10-Sep-2022 16:51:33.879 INFORMATION [main] org.apache.catalina.startup.VersionLoggerListener.log CATALINA_HOME:         C:\Users\zarei\Desktop\apache-tomcat-9.0.14
10-Sep-2022 16:51:33.879 INFORMATION [main] org.apache.catalina.startup.VersionLoggerListener.log Command line argument: --add-opens=java.base/java.lang=ALL-UNNAMED
10-Sep-2022 16:51:33.879 INFORMATION [main] org.apache.catalina.startup.VersionLoggerListener.log Command line argument: --add-opens=java.base/java.io=ALL-UNNAMED
10-Sep-2022 16:51:33.879 INFORMATION [main] org.apache.catalina.startup.VersionLoggerListener.log Command line argument: --add-opens=java.rmi/sun.rmi.transport=ALL-UNNAMED
10-Sep-2022 16:51:33.879 INFORMATION [main] org.apache.catalina.startup.VersionLoggerListener.log Command line argument: -Djava.util.logging.config.file=C:\Users\zarei\Desktop\apache-tomcat-9.0.14\conf\logging.properties
10-Sep-2022 16:51:33.879 INFORMATION [main] org.apache.catalina.startup.VersionLoggerListener.log Command line argument: -Djava.util.logging.manager=org.apache.juli.ClassLoaderLogManager
10-Sep-2022 16:51:33.879 INFORMATION [main] org.apache.catalina.startup.VersionLoggerListener.log Command line argument: -Djdk.tls.ephemeralDHKeySize=2048
10-Sep-2022 16:51:33.879 INFORMATION [main] org.apache.catalina.startup.VersionLoggerListener.log Command line argument: -Djava.protocol.handler.pkgs=org.apache.catalina.webresources
10-Sep-2022 16:51:33.879 INFORMATION [main] org.apache.catalina.startup.VersionLoggerListener.log Command line argument: -Dignore.endorsed.dirs=
10-Sep-2022 16:51:33.879 INFORMATION [main] org.apache.catalina.startup.VersionLoggerListener.log Command line argument: -Dcatalina.base=C:\Users\zarei\Desktop\apache-tomcat-9.0.14
10-Sep-2022 16:51:33.879 INFORMATION [main] org.apache.catalina.startup.VersionLoggerListener.log Command line argument: -Dcatalina.home=C:\Users\zarei\Desktop\apache-tomcat-9.0.14
10-Sep-2022 16:51:33.879 INFORMATION [main] org.apache.catalina.startup.VersionLoggerListener.log Command line argument: -Djava.io.tmpdir=C:\Users\zarei\Desktop\apache-tomcat-9.0.14\temp
10-Sep-2022 16:51:33.879 INFORMATION [main] org.apache.catalina.core.AprLifecycleListener.lifecycleEvent Loaded APR based Apache Tomcat Native library [1.2.19] using APR version [1.6.5].
10-Sep-2022 16:51:33.879 INFORMATION [main] org.apache.catalina.core.AprLifecycleListener.lifecycleEvent APR capabilities: IPv6 [true], sendfile [true], accept filters [false], random [true].
10-Sep-2022 16:51:33.879 INFORMATION [main] org.apache.catalina.core.AprLifecycleListener.lifecycleEvent APR/OpenSSL configuration: useAprConnector [false], useOpenSSL [true]
10-Sep-2022 16:51:33.895 INFORMATION [main] org.apache.catalina.core.AprLifecycleListener.initializeSSL OpenSSL successfully initialized [OpenSSL 1.1.1a  20 Nov 2018]
10-Sep-2022 16:51:33.957 INFORMATION [main] org.apache.coyote.AbstractProtocol.init Initialisiere ProtocolHandler["http-nio-8080"]
10-Sep-2022 16:51:34.136 INFORMATION [main] org.apache.coyote.AbstractProtocol.init Initialisiere ProtocolHandler["ajp-nio-8009"]
10-Sep-2022 16:51:34.152 INFORMATION [main] org.apache.catalina.startup.Catalina.load Server initialization in [728] milliseconds
10-Sep-2022 16:51:34.221 INFORMATION [main] org.apache.catalina.core.StandardService.startInternal Starting service [Catalina]
10-Sep-2022 16:51:34.221 INFORMATION [main] org.apache.catalina.core.StandardEngine.startInternal Starting Servlet engine: [Apache Tomcat/9.0.14]
10-Sep-2022 16:51:34.236 INFORMATION [main] org.apache.catalina.startup.HostConfig.deployWAR Deploying web application archive [C:\Users\zarei\Desktop\apache-tomcat-9.0.14\webapps\ROOT.war]
10-Sep-2022 16:51:36.823 WARNUNG [main] org.apache.catalina.webresources.Cache.getResource Unable to add the resource at [/WEB-INF/classes/static/assets/fontawesome/webfonts/fa-brands-400.woff2] to the cache for web application [] because there was insufficient free space available after evicting expired cache entries - consider increasing the maximum size of the cache
10-Sep-2022 16:51:36.825 WARNUNG [main] org.apache.catalina.webresources.Cache.getResource Unable to add the resource at [/WEB-INF/classes/static/assets/fontawesome/webfonts/fa-regular-400.woff2] to the cache for web application [] because there was insufficient free space available after evicting expired cache entries - consider increasing the maximum size of the cache
10-Sep-2022 16:51:36.825 WARNUNG [main] org.apache.catalina.webresources.Cache.getResource Unable to add the resource at [/WEB-INF/classes/static/assets/fontawesome/webfonts/fa-solid-900.ttf] to the cache for web application [] because there was insufficient free space available after evicting expired cache entries - consider increasing the maximum size of the cache
10-Sep-2022 16:51:36.835 WARNUNG [main] org.apache.catalina.webresources.Cache.getResource Unable to add the resource at [/WEB-INF/classes/static/assets/fontawesome/webfonts/fa-solid-900.woff2] to the cache for web application [] because there was insufficient free space available after evicting expired cache entries - consider increasing the maximum size of the cache
10-Sep-2022 16:51:36.840 WARNUNG [main] org.apache.catalina.webresources.Cache.getResource Unable to add the resource at [/WEB-INF/classes/static/assets/fontawesome/webfonts/fa-v4compatibility.ttf] to the cache for web application [] because there was insufficient free space available after evicting expired cache entries - consider increasing the maximum size of the cache
10-Sep-2022 16:51:36.842 WARNUNG [main] org.apache.catalina.webresources.Cache.getResource Unable to add the resource at [/WEB-INF/classes/static/assets/images/back.png] to the cache for web application [] because there was insufficient free space available after evicting expired cache entries - consider increasing the maximum size of the cache
10-Sep-2022 16:51:36.842 WARNUNG [main] org.apache.catalina.webresources.Cache.getResource Unable to add the resource at [/WEB-INF/classes/static/assets/images/header.png] to the cache for web application [] because there was insufficient free space available after evicting expired cache entries - consider increasing the maximum size of the cache
10-Sep-2022 16:51:36.855 WARNUNG [main] org.apache.catalina.webresources.Cache.getResource Unable to add the resource at [/WEB-INF/classes/static/assets/images/himmel.jpg] to the cache for web application [] because there was insufficient free space available after evicting expired cache entries - consider increasing the maximum size of the cache
10-Sep-2022 16:51:36.859 WARNUNG [main] org.apache.catalina.webresources.Cache.getResource Unable to add the resource at [/WEB-INF/classes/static/assets/images/logo.png] to the cache for web application [] because there was insufficient free space available after evicting expired cache entries - consider increasing the maximum size of the cache
10-Sep-2022 16:51:36.863 WARNUNG [main] org.apache.catalina.webresources.Cache.getResource Unable to add the resource at [/WEB-INF/classes/static/assets/images/ude-logo.png] to the cache for web application [] because there was insufficient free space available after evicting expired cache entries - consider increasing the maximum size of the cache
10-Sep-2022 16:51:36.863 WARNUNG [main] org.apache.catalina.webresources.Cache.getResource Unable to add the resource at [/WEB-INF/classes/static/assets/jquery/jquery.min.js] to the cache for web application [] because there was insufficient free space available after evicting expired cache entries - consider increasing the maximum size of the cache
10-Sep-2022 16:51:51.056 INFORMATION [main] org.apache.jasper.servlet.TldScanner.scanJars At least one JAR was scanned for TLDs yet contained no TLDs. Enable debug logging for this logger for a complete list of JARs that were scanned but no TLDs were found in them. Skipping unneeded JARs during scanning can improve startup time and JSP compilation time.
10-Sep-2022 16:51:51.187 INFORMATION [main] org.apache.catalina.startup.HostConfig.deployWAR Deployment of web application archive [C:\Users\zarei\Desktop\apache-tomcat-9.0.14\webapps\ROOT.war] has finished in [16.951] ms
10-Sep-2022 16:51:51.199 INFORMATION [main] org.apache.coyote.AbstractProtocol.start Starting ProtocolHandler ["http-nio-8080"]
10-Sep-2022 16:51:51.215 INFORMATION [main] org.apache.coyote.AbstractProtocol.start Starting ProtocolHandler ["ajp-nio-8009"]
10-Sep-2022 16:51:51.225 INFORMATION [main] org.apache.catalina.startup.Catalina.start Server startup in [17.069] milliseconds
10-Sep-2022 20:27:16.755 INFORMATION [main] org.apache.catalina.startup.VersionLoggerListener.log 
 Server Version:        Apache Tomcat/9.0.14
10-Sep-2022 20:27:16.764 INFORMATION [main] org.apache.catalina.startup.VersionLoggerListener.log Server built:          Dec 6 2018 21:13:53 UTC
10-Sep-2022 20:27:16.764 INFORMATION [main] org.apache.catalina.startup.VersionLoggerListener.log Server version number: 9.0.14.0
10-Sep-2022 20:27:16.764 INFORMATION [main] org.apache.catalina.startup.VersionLoggerListener.log OS Name:               Windows 10
10-Sep-2022 20:27:16.764 INFORMATION [main] org.apache.catalina.startup.VersionLoggerListener.log OS Version:            10.0
10-Sep-2022 20:27:16.764 INFORMATION [main] org.apache.catalina.startup.VersionLoggerListener.log Architektur:          amd64
10-Sep-2022 20:27:16.764 INFORMATION [main] org.apache.catalina.startup.VersionLoggerListener.log Java Home:             C:\Program Files\Java\jdk-17.0.2
10-Sep-2022 20:27:16.764 INFORMATION [main] org.apache.catalina.startup.VersionLoggerListener.log JVM Version:           17.0.2+8-LTS-86
10-Sep-2022 20:27:16.764 INFORMATION [main] org.apache.catalina.startup.VersionLoggerListener.log JVM Hersteller:            Oracle Corporation
10-Sep-2022 20:27:16.764 INFORMATION [main] org.apache.catalina.startup.VersionLoggerListener.log 
 CATALINA_BASE:         C:\Users\zarei\Desktop\apache-tomcat-9.0.14
10-Sep-2022 20:27:16.764 INFORMATION [main] org.apache.catalina.startup.VersionLoggerListener.log CATALINA_HOME:         C:\Users\zarei\Desktop\apache-tomcat-9.0.14
10-Sep-2022 20:27:16.764 INFORMATION [main] org.apache.catalina.startup.VersionLoggerListener.log Command line argument: --add-opens=java.base/java.lang=ALL-UNNAMED
10-Sep-2022 20:27:16.764 INFORMATION [main] org.apache.catalina.startup.VersionLoggerListener.log Command line argument: --add-opens=java.base/java.io=ALL-UNNAMED
10-Sep-2022 20:27:16.764 INFORMATION [main] org.apache.catalina.startup.VersionLoggerListener.log Command line argument: --add-opens=java.rmi/sun.rmi.transport=ALL-UNNAMED
10-Sep-2022 20:27:16.764 INFORMATION [main] org.apache.catalina.startup.VersionLoggerListener.log Command line argument: -Djava.util.logging.config.file=C:\Users\zarei\Desktop\apache-tomcat-9.0.14\conf\logging.properties
10-Sep-2022 20:27:16.764 INFORMATION [main] org.apache.catalina.startup.VersionLoggerListener.log Command line argument: -Djava.util.logging.manager=org.apache.juli.ClassLoaderLogManager
10-Sep-2022 20:27:16.764 INFORMATION [main] org.apache.catalina.startup.VersionLoggerListener.log Command line argument: -Djdk.tls.ephemeralDHKeySize=2048
10-Sep-2022 20:27:16.764 INFORMATION [main] org.apache.catalina.startup.VersionLoggerListener.log Command line argument: -Djava.protocol.handler.pkgs=org.apache.catalina.webresources
10-Sep-2022 20:27:16.764 INFORMATION [main] org.apache.catalina.startup.VersionLoggerListener.log Command line argument: -Dignore.endorsed.dirs=
10-Sep-2022 20:27:16.764 INFORMATION [main] org.apache.catalina.startup.VersionLoggerListener.log Command line argument: -Dcatalina.base=C:\Users\zarei\Desktop\apache-tomcat-9.0.14
10-Sep-2022 20:27:16.764 INFORMATION [main] org.apache.catalina.startup.VersionLoggerListener.log Command line argument: -Dcatalina.home=C:\Users\zarei\Desktop\apache-tomcat-9.0.14
10-Sep-2022 20:27:16.764 INFORMATION [main] org.apache.catalina.startup.VersionLoggerListener.log Command line argument: -Djava.io.tmpdir=C:\Users\zarei\Desktop\apache-tomcat-9.0.14\temp
10-Sep-2022 20:27:16.764 INFORMATION [main] org.apache.catalina.core.AprLifecycleListener.lifecycleEvent Loaded APR based Apache Tomcat Native library [1.2.19] using APR version [1.6.5].
10-Sep-2022 20:27:16.764 INFORMATION [main] org.apache.catalina.core.AprLifecycleListener.lifecycleEvent APR capabilities: IPv6 [true], sendfile [true], accept filters [false], random [true].
10-Sep-2022 20:27:16.764 INFORMATION [main] org.apache.catalina.core.AprLifecycleListener.lifecycleEvent APR/OpenSSL configuration: useAprConnector [false], useOpenSSL [true]
10-Sep-2022 20:27:16.780 INFORMATION [main] org.apache.catalina.core.AprLifecycleListener.initializeSSL OpenSSL successfully initialized [OpenSSL 1.1.1a  20 Nov 2018]
10-Sep-2022 20:27:16.855 INFORMATION [main] org.apache.coyote.AbstractProtocol.init Initialisiere ProtocolHandler["http-nio-8080"]
10-Sep-2022 20:27:17.018 SCHWERWIEGEND [main] org.apache.catalina.util.LifecycleBase.handleSubClassException Failed to initialize component [Connector[HTTP/1.1-8080]]
 org.apache.catalina.LifecycleException: Protocol handler initialization failed
	at org.apache.catalina.connector.Connector.initInternal(Connector.java:979)
	at org.apache.catalina.util.LifecycleBase.init(LifecycleBase.java:136)
	at org.apache.catalina.core.StandardService.initInternal(StandardService.java:535)
	at org.apache.catalina.util.LifecycleBase.init(LifecycleBase.java:136)
	at org.apache.catalina.core.StandardServer.initInternal(StandardServer.java:1060)
	at org.apache.catalina.util.LifecycleBase.init(LifecycleBase.java:136)
	at org.apache.catalina.startup.Catalina.load(Catalina.java:588)
	at org.apache.catalina.startup.Catalina.load(Catalina.java:611)
	at java.base/jdk.internal.reflect.NativeMethodAccessorImpl.invoke0(Native Method)
	at java.base/jdk.internal.reflect.NativeMethodAccessorImpl.invoke(NativeMethodAccessorImpl.java:77)
	at java.base/jdk.internal.reflect.DelegatingMethodAccessorImpl.invoke(DelegatingMethodAccessorImpl.java:43)
	at java.base/java.lang.reflect.Method.invoke(Method.java:568)
	at org.apache.catalina.startup.Bootstrap.load(Bootstrap.java:306)
	at org.apache.catalina.startup.Bootstrap.main(Bootstrap.java:491)
Caused by: java.net.BindException: Address already in use: bind
	at java.base/sun.nio.ch.Net.bind0(Native Method)
	at java.base/sun.nio.ch.Net.bind(Net.java:555)
	at java.base/sun.nio.ch.ServerSocketChannelImpl.netBind(ServerSocketChannelImpl.java:337)
	at java.base/sun.nio.ch.ServerSocketChannelImpl.bind(ServerSocketChannelImpl.java:294)
	at java.base/sun.nio.ch.ServerSocketAdaptor.bind(ServerSocketAdaptor.java:89)
	at org.apache.tomcat.util.net.NioEndpoint.initServerSocket(NioEndpoint.java:236)
	at org.apache.tomcat.util.net.NioEndpoint.bind(NioEndpoint.java:210)
	at org.apache.tomcat.util.net.AbstractEndpoint.bindWithCleanup(AbstractEndpoint.java:1085)
	at org.apache.tomcat.util.net.AbstractEndpoint.init(AbstractEndpoint.java:1098)
	at org.apache.coyote.AbstractProtocol.init(AbstractProtocol.java:557)
	at org.apache.coyote.http11.AbstractHttp11Protocol.init(AbstractHttp11Protocol.java:74)
	at org.apache.catalina.connector.Connector.initInternal(Connector.java:976)
	... 13 more

10-Sep-2022 20:27:17.032 INFORMATION [main] org.apache.coyote.AbstractProtocol.init Initialisiere ProtocolHandler["ajp-nio-8009"]
10-Sep-2022 20:27:17.056 INFORMATION [main] org.apache.catalina.startup.Catalina.load Server initialization in [735] milliseconds
10-Sep-2022 20:27:17.118 INFORMATION [main] org.apache.catalina.core.StandardService.startInternal Starting service [Catalina]
10-Sep-2022 20:27:17.118 INFORMATION [main] org.apache.catalina.core.StandardEngine.startInternal Starting Servlet engine: [Apache Tomcat/9.0.14]
10-Sep-2022 20:27:17.156 INFORMATION [main] org.apache.catalina.startup.HostConfig.deployWAR Deploying web application archive [C:\Users\zarei\Desktop\apache-tomcat-9.0.14\webapps\ROOT.war]
10-Sep-2022 20:27:27.943 WARNUNG [main] org.apache.catalina.webresources.Cache.getResource Unable to add the resource at [/WEB-INF/classes/static/assets/fontawesome/webfonts/fa-brands-400.woff2] to the cache for web application [] because there was insufficient free space available after evicting expired cache entries - consider increasing the maximum size of the cache
10-Sep-2022 20:27:27.943 WARNUNG [main] org.apache.catalina.webresources.Cache.getResource Unable to add the resource at [/WEB-INF/classes/static/assets/fontawesome/webfonts/fa-regular-400.woff2] to the cache for web application [] because there was insufficient free space available after evicting expired cache entries - consider increasing the maximum size of the cache
10-Sep-2022 20:27:27.958 WARNUNG [main] org.apache.catalina.webresources.Cache.getResource Unable to add the resource at [/WEB-INF/classes/static/assets/fontawesome/webfonts/fa-solid-900.ttf] to the cache for web application [] because there was insufficient free space available after evicting expired cache entries - consider increasing the maximum size of the cache
10-Sep-2022 20:27:27.958 WARNUNG [main] org.apache.catalina.webresources.Cache.getResource Unable to add the resource at [/WEB-INF/classes/static/assets/fontawesome/webfonts/fa-solid-900.woff2] to the cache for web application [] because there was insufficient free space available after evicting expired cache entries - consider increasing the maximum size of the cache
10-Sep-2022 20:27:27.958 WARNUNG [main] org.apache.catalina.webresources.Cache.getResource Unable to add the resource at [/WEB-INF/classes/static/assets/fontawesome/webfonts/fa-v4compatibility.ttf] to the cache for web application [] because there was insufficient free space available after evicting expired cache entries - consider increasing the maximum size of the cache
10-Sep-2022 20:27:27.958 WARNUNG [main] org.apache.catalina.webresources.Cache.getResource Unable to add the resource at [/WEB-INF/classes/static/assets/images/back.png] to the cache for web application [] because there was insufficient free space available after evicting expired cache entries - consider increasing the maximum size of the cache
10-Sep-2022 20:27:27.958 WARNUNG [main] org.apache.catalina.webresources.Cache.getResource Unable to add the resource at [/WEB-INF/classes/static/assets/images/header.png] to the cache for web application [] because there was insufficient free space available after evicting expired cache entries - consider increasing the maximum size of the cache
10-Sep-2022 20:27:27.974 WARNUNG [main] org.apache.catalina.webresources.Cache.getResource Unable to add the resource at [/WEB-INF/classes/static/assets/images/himmel.jpg] to the cache for web application [] because there was insufficient free space available after evicting expired cache entries - consider increasing the maximum size of the cache
10-Sep-2022 20:27:27.981 WARNUNG [main] org.apache.catalina.webresources.Cache.getResource Unable to add the resource at [/WEB-INF/classes/static/assets/images/logo.png] to the cache for web application [] because there was insufficient free space available after evicting expired cache entries - consider increasing the maximum size of the cache
10-Sep-2022 20:27:27.981 WARNUNG [main] org.apache.catalina.webresources.Cache.getResource Unable to add the resource at [/WEB-INF/classes/static/assets/images/ude-logo.png] to the cache for web application [] because there was insufficient free space available after evicting expired cache entries - consider increasing the maximum size of the cache
10-Sep-2022 20:27:27.981 WARNUNG [main] org.apache.catalina.webresources.Cache.getResource Unable to add the resource at [/WEB-INF/classes/static/assets/jquery/jquery.min.js] to the cache for web application [] because there was insufficient free space available after evicting expired cache entries - consider increasing the maximum size of the cache
10-Sep-2022 20:27:43.634 INFORMATION [main] org.apache.jasper.servlet.TldScanner.scanJars At least one JAR was scanned for TLDs yet contained no TLDs. Enable debug logging for this logger for a complete list of JARs that were scanned but no TLDs were found in them. Skipping unneeded JARs during scanning can improve startup time and JSP compilation time.
10-Sep-2022 20:27:43.758 INFORMATION [main] org.apache.catalina.startup.HostConfig.deployWAR Deployment of web application archive [C:\Users\zarei\Desktop\apache-tomcat-9.0.14\webapps\ROOT.war] has finished in [26.602] ms
10-Sep-2022 20:27:43.777 INFORMATION [main] org.apache.coyote.AbstractProtocol.start Starting ProtocolHandler ["ajp-nio-8009"]
10-Sep-2022 20:27:43.797 INFORMATION [main] org.apache.catalina.startup.Catalina.start Server startup in [26.735] milliseconds
10-Sep-2022 20:34:46.537 INFORMATION [main] org.apache.catalina.startup.VersionLoggerListener.log 
 Server Version:        Apache Tomcat/9.0.14
10-Sep-2022 20:34:46.553 INFORMATION [main] org.apache.catalina.startup.VersionLoggerListener.log Server built:          Dec 6 2018 21:13:53 UTC
10-Sep-2022 20:34:46.553 INFORMATION [main] org.apache.catalina.startup.VersionLoggerListener.log Server version number: 9.0.14.0
10-Sep-2022 20:34:46.553 INFORMATION [main] org.apache.catalina.startup.VersionLoggerListener.log OS Name:               Windows 10
10-Sep-2022 20:34:46.553 INFORMATION [main] org.apache.catalina.startup.VersionLoggerListener.log OS Version:            10.0
10-Sep-2022 20:34:46.553 INFORMATION [main] org.apache.catalina.startup.VersionLoggerListener.log Architektur:          amd64
10-Sep-2022 20:34:46.553 INFORMATION [main] org.apache.catalina.startup.VersionLoggerListener.log Java Home:             C:\Program Files\Java\jdk-17.0.2
10-Sep-2022 20:34:46.553 INFORMATION [main] org.apache.catalina.startup.VersionLoggerListener.log JVM Version:           17.0.2+8-LTS-86
10-Sep-2022 20:34:46.553 INFORMATION [main] org.apache.catalina.startup.VersionLoggerListener.log JVM Hersteller:            Oracle Corporation
10-Sep-2022 20:34:46.553 INFORMATION [main] org.apache.catalina.startup.VersionLoggerListener.log 
 CATALINA_BASE:         C:\Users\zarei\Desktop\apache-tomcat-9.0.14
10-Sep-2022 20:34:46.553 INFORMATION [main] org.apache.catalina.startup.VersionLoggerListener.log CATALINA_HOME:         C:\Users\zarei\Desktop\apache-tomcat-9.0.14
10-Sep-2022 20:34:46.553 INFORMATION [main] org.apache.catalina.startup.VersionLoggerListener.log Command line argument: --add-opens=java.base/java.lang=ALL-UNNAMED
10-Sep-2022 20:34:46.553 INFORMATION [main] org.apache.catalina.startup.VersionLoggerListener.log Command line argument: --add-opens=java.base/java.io=ALL-UNNAMED
10-Sep-2022 20:34:46.553 INFORMATION [main] org.apache.catalina.startup.VersionLoggerListener.log Command line argument: --add-opens=java.rmi/sun.rmi.transport=ALL-UNNAMED
10-Sep-2022 20:34:46.553 INFORMATION [main] org.apache.catalina.startup.VersionLoggerListener.log Command line argument: -Djava.util.logging.config.file=C:\Users\zarei\Desktop\apache-tomcat-9.0.14\conf\logging.properties
10-Sep-2022 20:34:46.559 INFORMATION [main] org.apache.catalina.startup.VersionLoggerListener.log Command line argument: -Djava.util.logging.manager=org.apache.juli.ClassLoaderLogManager
10-Sep-2022 20:34:46.559 INFORMATION [main] org.apache.catalina.startup.VersionLoggerListener.log Command line argument: -Djdk.tls.ephemeralDHKeySize=2048
10-Sep-2022 20:34:46.559 INFORMATION [main] org.apache.catalina.startup.VersionLoggerListener.log Command line argument: -Djava.protocol.handler.pkgs=org.apache.catalina.webresources
10-Sep-2022 20:34:46.559 INFORMATION [main] org.apache.catalina.startup.VersionLoggerListener.log Command line argument: -Dignore.endorsed.dirs=
10-Sep-2022 20:34:46.559 INFORMATION [main] org.apache.catalina.startup.VersionLoggerListener.log Command line argument: -Dcatalina.base=C:\Users\zarei\Desktop\apache-tomcat-9.0.14
10-Sep-2022 20:34:46.559 INFORMATION [main] org.apache.catalina.startup.VersionLoggerListener.log Command line argument: -Dcatalina.home=C:\Users\zarei\Desktop\apache-tomcat-9.0.14
10-Sep-2022 20:34:46.559 INFORMATION [main] org.apache.catalina.startup.VersionLoggerListener.log Command line argument: -Djava.io.tmpdir=C:\Users\zarei\Desktop\apache-tomcat-9.0.14\temp
10-Sep-2022 20:34:46.559 INFORMATION [main] org.apache.catalina.core.AprLifecycleListener.lifecycleEvent Loaded APR based Apache Tomcat Native library [1.2.19] using APR version [1.6.5].
10-Sep-2022 20:34:46.559 INFORMATION [main] org.apache.catalina.core.AprLifecycleListener.lifecycleEvent APR capabilities: IPv6 [true], sendfile [true], accept filters [false], random [true].
10-Sep-2022 20:34:46.559 INFORMATION [main] org.apache.catalina.core.AprLifecycleListener.lifecycleEvent APR/OpenSSL configuration: useAprConnector [false], useOpenSSL [true]
10-Sep-2022 20:34:46.559 INFORMATION [main] org.apache.catalina.core.AprLifecycleListener.initializeSSL OpenSSL successfully initialized [OpenSSL 1.1.1a  20 Nov 2018]
10-Sep-2022 20:34:46.625 INFORMATION [main] org.apache.coyote.AbstractProtocol.init Initialisiere ProtocolHandler["http-nio-8080"]
10-Sep-2022 20:34:46.806 SCHWERWIEGEND [main] org.apache.catalina.util.LifecycleBase.handleSubClassException Failed to initialize component [Connector[HTTP/1.1-8080]]
 org.apache.catalina.LifecycleException: Protocol handler initialization failed
	at org.apache.catalina.connector.Connector.initInternal(Connector.java:979)
	at org.apache.catalina.util.LifecycleBase.init(LifecycleBase.java:136)
	at org.apache.catalina.core.StandardService.initInternal(StandardService.java:535)
	at org.apache.catalina.util.LifecycleBase.init(LifecycleBase.java:136)
	at org.apache.catalina.core.StandardServer.initInternal(StandardServer.java:1060)
	at org.apache.catalina.util.LifecycleBase.init(LifecycleBase.java:136)
	at org.apache.catalina.startup.Catalina.load(Catalina.java:588)
	at org.apache.catalina.startup.Catalina.load(Catalina.java:611)
	at java.base/jdk.internal.reflect.NativeMethodAccessorImpl.invoke0(Native Method)
	at java.base/jdk.internal.reflect.NativeMethodAccessorImpl.invoke(NativeMethodAccessorImpl.java:77)
	at java.base/jdk.internal.reflect.DelegatingMethodAccessorImpl.invoke(DelegatingMethodAccessorImpl.java:43)
	at java.base/java.lang.reflect.Method.invoke(Method.java:568)
	at org.apache.catalina.startup.Bootstrap.load(Bootstrap.java:306)
	at org.apache.catalina.startup.Bootstrap.main(Bootstrap.java:491)
Caused by: java.net.BindException: Address already in use: bind
	at java.base/sun.nio.ch.Net.bind0(Native Method)
	at java.base/sun.nio.ch.Net.bind(Net.java:555)
	at java.base/sun.nio.ch.ServerSocketChannelImpl.netBind(ServerSocketChannelImpl.java:337)
	at java.base/sun.nio.ch.ServerSocketChannelImpl.bind(ServerSocketChannelImpl.java:294)
	at java.base/sun.nio.ch.ServerSocketAdaptor.bind(ServerSocketAdaptor.java:89)
	at org.apache.tomcat.util.net.NioEndpoint.initServerSocket(NioEndpoint.java:236)
	at org.apache.tomcat.util.net.NioEndpoint.bind(NioEndpoint.java:210)
	at org.apache.tomcat.util.net.AbstractEndpoint.bindWithCleanup(AbstractEndpoint.java:1085)
	at org.apache.tomcat.util.net.AbstractEndpoint.init(AbstractEndpoint.java:1098)
	at org.apache.coyote.AbstractProtocol.init(AbstractProtocol.java:557)
	at org.apache.coyote.http11.AbstractHttp11Protocol.init(AbstractHttp11Protocol.java:74)
	at org.apache.catalina.connector.Connector.initInternal(Connector.java:976)
	... 13 more

10-Sep-2022 20:34:46.817 INFORMATION [main] org.apache.coyote.AbstractProtocol.init Initialisiere ProtocolHandler["ajp-nio-8009"]
10-Sep-2022 20:34:46.833 INFORMATION [main] org.apache.catalina.startup.Catalina.load Server initialization in [768] milliseconds
10-Sep-2022 20:34:46.906 INFORMATION [main] org.apache.catalina.core.StandardService.startInternal Starting service [Catalina]
10-Sep-2022 20:34:46.906 INFORMATION [main] org.apache.catalina.core.StandardEngine.startInternal Starting Servlet engine: [Apache Tomcat/9.0.14]
10-Sep-2022 20:34:46.937 INFORMATION [main] org.apache.catalina.startup.HostConfig.deployWAR Deploying web application archive [C:\Users\zarei\Desktop\apache-tomcat-9.0.14\webapps\ROOT.war]
10-Sep-2022 20:34:49.236 WARNUNG [main] org.apache.catalina.webresources.Cache.getResource Unable to add the resource at [/WEB-INF/classes/static/assets/fontawesome/webfonts/fa-brands-400.woff2] to the cache for web application [] because there was insufficient free space available after evicting expired cache entries - consider increasing the maximum size of the cache
10-Sep-2022 20:34:49.236 WARNUNG [main] org.apache.catalina.webresources.Cache.getResource Unable to add the resource at [/WEB-INF/classes/static/assets/fontawesome/webfonts/fa-regular-400.woff2] to the cache for web application [] because there was insufficient free space available after evicting expired cache entries - consider increasing the maximum size of the cache
10-Sep-2022 20:34:49.244 WARNUNG [main] org.apache.catalina.webresources.Cache.getResource Unable to add the resource at [/WEB-INF/classes/static/assets/fontawesome/webfonts/fa-solid-900.ttf] to the cache for web application [] because there was insufficient free space available after evicting expired cache entries - consider increasing the maximum size of the cache
10-Sep-2022 20:34:49.244 WARNUNG [main] org.apache.catalina.webresources.Cache.getResource Unable to add the resource at [/WEB-INF/classes/static/assets/fontawesome/webfonts/fa-solid-900.woff2] to the cache for web application [] because there was insufficient free space available after evicting expired cache entries - consider increasing the maximum size of the cache
10-Sep-2022 20:34:49.244 WARNUNG [main] org.apache.catalina.webresources.Cache.getResource Unable to add the resource at [/WEB-INF/classes/static/assets/fontawesome/webfonts/fa-v4compatibility.ttf] to the cache for web application [] because there was insufficient free space available after evicting expired cache entries - consider increasing the maximum size of the cache
10-Sep-2022 20:34:49.256 WARNUNG [main] org.apache.catalina.webresources.Cache.getResource Unable to add the resource at [/WEB-INF/classes/static/assets/images/back.png] to the cache for web application [] because there was insufficient free space available after evicting expired cache entries - consider increasing the maximum size of the cache
10-Sep-2022 20:34:49.257 WARNUNG [main] org.apache.catalina.webresources.Cache.getResource Unable to add the resource at [/WEB-INF/classes/static/assets/images/header.png] to the cache for web application [] because there was insufficient free space available after evicting expired cache entries - consider increasing the maximum size of the cache
10-Sep-2022 20:34:49.257 WARNUNG [main] org.apache.catalina.webresources.Cache.getResource Unable to add the resource at [/WEB-INF/classes/static/assets/images/himmel.jpg] to the cache for web application [] because there was insufficient free space available after evicting expired cache entries - consider increasing the maximum size of the cache
10-Sep-2022 20:34:49.265 WARNUNG [main] org.apache.catalina.webresources.Cache.getResource Unable to add the resource at [/WEB-INF/classes/static/assets/images/logo.png] to the cache for web application [] because there was insufficient free space available after evicting expired cache entries - consider increasing the maximum size of the cache
10-Sep-2022 20:34:49.265 WARNUNG [main] org.apache.catalina.webresources.Cache.getResource Unable to add the resource at [/WEB-INF/classes/static/assets/images/ude-logo.png] to the cache for web application [] because there was insufficient free space available after evicting expired cache entries - consider increasing the maximum size of the cache
10-Sep-2022 20:34:49.265 WARNUNG [main] org.apache.catalina.webresources.Cache.getResource Unable to add the resource at [/WEB-INF/classes/static/assets/jquery/jquery.min.js] to the cache for web application [] because there was insufficient free space available after evicting expired cache entries - consider increasing the maximum size of the cache
10-Sep-2022 20:35:05.154 INFORMATION [main] org.apache.jasper.servlet.TldScanner.scanJars At least one JAR was scanned for TLDs yet contained no TLDs. Enable debug logging for this logger for a complete list of JARs that were scanned but no TLDs were found in them. Skipping unneeded JARs during scanning can improve startup time and JSP compilation time.
10-Sep-2022 20:35:05.307 INFORMATION [main] org.apache.catalina.startup.HostConfig.deployWAR Deployment of web application archive [C:\Users\zarei\Desktop\apache-tomcat-9.0.14\webapps\ROOT.war] has finished in [18.370] ms
10-Sep-2022 20:35:05.307 INFORMATION [main] org.apache.coyote.AbstractProtocol.start Starting ProtocolHandler ["ajp-nio-8009"]
10-Sep-2022 20:35:05.328 INFORMATION [main] org.apache.catalina.startup.Catalina.start Server startup in [18.481] milliseconds
10-Sep-2022 21:14:53.128 INFORMATION [main] org.apache.catalina.startup.VersionLoggerListener.log 
 Server Version:        Apache Tomcat/9.0.14
10-Sep-2022 21:14:53.137 INFORMATION [main] org.apache.catalina.startup.VersionLoggerListener.log Server built:          Dec 6 2018 21:13:53 UTC
10-Sep-2022 21:14:53.137 INFORMATION [main] org.apache.catalina.startup.VersionLoggerListener.log Server version number: 9.0.14.0
10-Sep-2022 21:14:53.137 INFORMATION [main] org.apache.catalina.startup.VersionLoggerListener.log OS Name:               Windows 10
10-Sep-2022 21:14:53.137 INFORMATION [main] org.apache.catalina.startup.VersionLoggerListener.log OS Version:            10.0
10-Sep-2022 21:14:53.137 INFORMATION [main] org.apache.catalina.startup.VersionLoggerListener.log Architektur:          amd64
10-Sep-2022 21:14:53.137 INFORMATION [main] org.apache.catalina.startup.VersionLoggerListener.log Java Home:             C:\Program Files\Java\jdk-17.0.2
10-Sep-2022 21:14:53.137 INFORMATION [main] org.apache.catalina.startup.VersionLoggerListener.log JVM Version:           17.0.2+8-LTS-86
10-Sep-2022 21:14:53.137 INFORMATION [main] org.apache.catalina.startup.VersionLoggerListener.log JVM Hersteller:            Oracle Corporation
10-Sep-2022 21:14:53.137 INFORMATION [main] org.apache.catalina.startup.VersionLoggerListener.log 
 CATALINA_BASE:         C:\Users\zarei\Desktop\apache-tomcat-9.0.14
10-Sep-2022 21:14:53.137 INFORMATION [main] org.apache.catalina.startup.VersionLoggerListener.log CATALINA_HOME:         C:\Users\zarei\Desktop\apache-tomcat-9.0.14
10-Sep-2022 21:14:53.137 INFORMATION [main] org.apache.catalina.startup.VersionLoggerListener.log Command line argument: --add-opens=java.base/java.lang=ALL-UNNAMED
10-Sep-2022 21:14:53.137 INFORMATION [main] org.apache.catalina.startup.VersionLoggerListener.log Command line argument: --add-opens=java.base/java.io=ALL-UNNAMED
10-Sep-2022 21:14:53.137 INFORMATION [main] org.apache.catalina.startup.VersionLoggerListener.log Command line argument: --add-opens=java.rmi/sun.rmi.transport=ALL-UNNAMED
10-Sep-2022 21:14:53.137 INFORMATION [main] org.apache.catalina.startup.VersionLoggerListener.log Command line argument: -Djava.util.logging.config.file=C:\Users\zarei\Desktop\apache-tomcat-9.0.14\conf\logging.properties
10-Sep-2022 21:14:53.137 INFORMATION [main] org.apache.catalina.startup.VersionLoggerListener.log Command line argument: -Djava.util.logging.manager=org.apache.juli.ClassLoaderLogManager
10-Sep-2022 21:14:53.137 INFORMATION [main] org.apache.catalina.startup.VersionLoggerListener.log Command line argument: -Djdk.tls.ephemeralDHKeySize=2048
10-Sep-2022 21:14:53.137 INFORMATION [main] org.apache.catalina.startup.VersionLoggerListener.log Command line argument: -Djava.protocol.handler.pkgs=org.apache.catalina.webresources
10-Sep-2022 21:14:53.137 INFORMATION [main] org.apache.catalina.startup.VersionLoggerListener.log Command line argument: -Dignore.endorsed.dirs=
10-Sep-2022 21:14:53.137 INFORMATION [main] org.apache.catalina.startup.VersionLoggerListener.log Command line argument: -Dcatalina.base=C:\Users\zarei\Desktop\apache-tomcat-9.0.14
10-Sep-2022 21:14:53.137 INFORMATION [main] org.apache.catalina.startup.VersionLoggerListener.log Command line argument: -Dcatalina.home=C:\Users\zarei\Desktop\apache-tomcat-9.0.14
10-Sep-2022 21:14:53.137 INFORMATION [main] org.apache.catalina.startup.VersionLoggerListener.log Command line argument: -Djava.io.tmpdir=C:\Users\zarei\Desktop\apache-tomcat-9.0.14\temp
10-Sep-2022 21:14:53.137 INFORMATION [main] org.apache.catalina.core.AprLifecycleListener.lifecycleEvent Loaded APR based Apache Tomcat Native library [1.2.19] using APR version [1.6.5].
10-Sep-2022 21:14:53.137 INFORMATION [main] org.apache.catalina.core.AprLifecycleListener.lifecycleEvent APR capabilities: IPv6 [true], sendfile [true], accept filters [false], random [true].
10-Sep-2022 21:14:53.137 INFORMATION [main] org.apache.catalina.core.AprLifecycleListener.lifecycleEvent APR/OpenSSL configuration: useAprConnector [false], useOpenSSL [true]
10-Sep-2022 21:14:53.153 INFORMATION [main] org.apache.catalina.core.AprLifecycleListener.initializeSSL OpenSSL successfully initialized [OpenSSL 1.1.1a  20 Nov 2018]
10-Sep-2022 21:14:53.212 INFORMATION [main] org.apache.coyote.AbstractProtocol.init Initialisiere ProtocolHandler["http-nio-8080"]
10-Sep-2022 21:14:53.397 INFORMATION [main] org.apache.coyote.AbstractProtocol.init Initialisiere ProtocolHandler["ajp-nio-8009"]
10-Sep-2022 21:14:53.413 INFORMATION [main] org.apache.catalina.startup.Catalina.load Server initialization in [743] milliseconds
10-Sep-2022 21:14:53.482 INFORMATION [main] org.apache.catalina.core.StandardService.startInternal Starting service [Catalina]
10-Sep-2022 21:14:53.482 INFORMATION [main] org.apache.catalina.core.StandardEngine.startInternal Starting Servlet engine: [Apache Tomcat/9.0.14]
10-Sep-2022 21:14:53.513 INFORMATION [main] org.apache.catalina.startup.HostConfig.deployWAR Deploying web application archive [C:\Users\zarei\Desktop\apache-tomcat-9.0.14\webapps\ROOT.war]
10-Sep-2022 21:14:56.736 WARNUNG [main] org.apache.catalina.webresources.Cache.getResource Unable to add the resource at [/WEB-INF/classes/static/assets/fontawesome/webfonts/fa-brands-400.woff2] to the cache for web application [] because there was insufficient free space available after evicting expired cache entries - consider increasing the maximum size of the cache
10-Sep-2022 21:14:56.736 WARNUNG [main] org.apache.catalina.webresources.Cache.getResource Unable to add the resource at [/WEB-INF/classes/static/assets/fontawesome/webfonts/fa-regular-400.woff2] to the cache for web application [] because there was insufficient free space available after evicting expired cache entries - consider increasing the maximum size of the cache
10-Sep-2022 21:14:56.744 WARNUNG [main] org.apache.catalina.webresources.Cache.getResource Unable to add the resource at [/WEB-INF/classes/static/assets/fontawesome/webfonts/fa-solid-900.ttf] to the cache for web application [] because there was insufficient free space available after evicting expired cache entries - consider increasing the maximum size of the cache
10-Sep-2022 21:14:56.744 WARNUNG [main] org.apache.catalina.webresources.Cache.getResource Unable to add the resource at [/WEB-INF/classes/static/assets/fontawesome/webfonts/fa-solid-900.woff2] to the cache for web application [] because there was insufficient free space available after evicting expired cache entries - consider increasing the maximum size of the cache
10-Sep-2022 21:14:56.744 WARNUNG [main] org.apache.catalina.webresources.Cache.getResource Unable to add the resource at [/WEB-INF/classes/static/assets/fontawesome/webfonts/fa-v4compatibility.ttf] to the cache for web application [] because there was insufficient free space available after evicting expired cache entries - consider increasing the maximum size of the cache
10-Sep-2022 21:14:56.754 WARNUNG [main] org.apache.catalina.webresources.Cache.getResource Unable to add the resource at [/WEB-INF/classes/static/assets/images/back.png] to the cache for web application [] because there was insufficient free space available after evicting expired cache entries - consider increasing the maximum size of the cache
10-Sep-2022 21:14:56.754 WARNUNG [main] org.apache.catalina.webresources.Cache.getResource Unable to add the resource at [/WEB-INF/classes/static/assets/images/header.png] to the cache for web application [] because there was insufficient free space available after evicting expired cache entries - consider increasing the maximum size of the cache
10-Sep-2022 21:14:56.754 WARNUNG [main] org.apache.catalina.webresources.Cache.getResource Unable to add the resource at [/WEB-INF/classes/static/assets/images/himmel.jpg] to the cache for web application [] because there was insufficient free space available after evicting expired cache entries - consider increasing the maximum size of the cache
10-Sep-2022 21:14:56.754 WARNUNG [main] org.apache.catalina.webresources.Cache.getResource Unable to add the resource at [/WEB-INF/classes/static/assets/images/logo.png] to the cache for web application [] because there was insufficient free space available after evicting expired cache entries - consider increasing the maximum size of the cache
10-Sep-2022 21:14:56.754 WARNUNG [main] org.apache.catalina.webresources.Cache.getResource Unable to add the resource at [/WEB-INF/classes/static/assets/images/ude-logo.png] to the cache for web application [] because there was insufficient free space available after evicting expired cache entries - consider increasing the maximum size of the cache
10-Sep-2022 21:14:56.754 WARNUNG [main] org.apache.catalina.webresources.Cache.getResource Unable to add the resource at [/WEB-INF/classes/static/assets/jquery/jquery.min.js] to the cache for web application [] because there was insufficient free space available after evicting expired cache entries - consider increasing the maximum size of the cache
10-Sep-2022 21:15:11.988 INFORMATION [main] org.apache.jasper.servlet.TldScanner.scanJars At least one JAR was scanned for TLDs yet contained no TLDs. Enable debug logging for this logger for a complete list of JARs that were scanned but no TLDs were found in them. Skipping unneeded JARs during scanning can improve startup time and JSP compilation time.
10-Sep-2022 21:15:12.119 INFORMATION [main] org.apache.catalina.startup.HostConfig.deployWAR Deployment of web application archive [C:\Users\zarei\Desktop\apache-tomcat-9.0.14\webapps\ROOT.war] has finished in [18.606] ms
10-Sep-2022 21:15:12.119 INFORMATION [main] org.apache.coyote.AbstractProtocol.start Starting ProtocolHandler ["http-nio-8080"]
10-Sep-2022 21:15:12.141 INFORMATION [main] org.apache.coyote.AbstractProtocol.start Starting ProtocolHandler ["ajp-nio-8009"]
10-Sep-2022 21:15:12.141 INFORMATION [main] org.apache.catalina.startup.Catalina.start Server startup in [18.730] milliseconds
